{"C:\\Users\\12\\Desktop\\4 курс\\КРБ\\novel-platform\\backend\\src\\config\\index.ts": {"path":"C:\\Users\\12\\Desktop\\4 курс\\КРБ\\novel-platform\\backend\\src\\config\\index.ts","statementMap":{"0":{"start":{"line":1,"column":0},"end":{"line":1,"column":28}},"1":{"start":{"line":2,"column":0},"end":{"line":2,"column":16}},"2":{"start":{"line":5,"column":12},"end":{"line":5,"column":21}},"3":{"start":{"line":6,"column":2},"end":{"line":6,"column":43}},"4":{"start":{"line":9,"column":13},"end":{"line":9,"column":71}},"5":{"start":{"line":10,"column":13},"end":{"line":10,"column":62}},"6":{"start":{"line":11,"column":13},"end":{"line":11,"column":59}},"7":{"start":{"line":12,"column":13},"end":{"line":12,"column":64}},"8":{"start":{"line":13,"column":13},"end":{"line":13,"column":65}},"9":{"start":{"line":14,"column":13},"end":{"line":14,"column":79}},"10":{"start":{"line":17,"column":13},"end":{"line":17,"column":92}},"11":{"start":{"line":18,"column":13},"end":{"line":18,"column":53}},"12":{"start":{"line":19,"column":13},"end":{"line":19,"column":62}},"13":{"start":{"line":20,"column":13},"end":{"line":20,"column":53}},"14":{"start":{"line":21,"column":13},"end":{"line":21,"column":53}},"15":{"start":{"line":23,"column":13},"end":{"line":23,"column":101}},"16":{"start":{"line":24,"column":13},"end":{"line":24,"column":102}},"17":{"start":{"line":26,"column":13},"end":{"line":26,"column":75}},"18":{"start":{"line":27,"column":13},"end":{"line":27,"column":66}},"19":{"start":{"line":28,"column":13},"end":{"line":28,"column":86}},"20":{"start":{"line":29,"column":13},"end":{"line":29,"column":78}},"21":{"start":{"line":30,"column":13},"end":{"line":30,"column":82}},"22":{"start":{"line":31,"column":13},"end":{"line":31,"column":98}},"23":{"start":{"line":32,"column":13},"end":{"line":32,"column":84}},"24":{"start":{"line":33,"column":13},"end":{"line":33,"column":84}},"25":{"start":{"line":36,"column":13},"end":{"line":36,"column":74}},"26":{"start":{"line":37,"column":13},"end":{"line":37,"column":99}},"27":{"start":{"line":41,"column":13},"end":{"line":41,"column":97}},"28":{"start":{"line":42,"column":13},"end":{"line":42,"column":83}},"29":{"start":{"line":44,"column":13},"end":{"line":44,"column":80}},"30":{"start":{"line":45,"column":13},"end":{"line":45,"column":73}},"31":{"start":{"line":47,"column":0},"end":{"line":54,"column":1}},"32":{"start":{"line":48,"column":2},"end":{"line":50,"column":3}},"33":{"start":{"line":49,"column":4},"end":{"line":49,"column":60}},"34":{"start":{"line":51,"column":2},"end":{"line":53,"column":3}},"35":{"start":{"line":52,"column":4},"end":{"line":52,"column":62}}},"fnMap":{"0":{"name":"toNumber","decl":{"start":{"line":4,"column":9},"end":{"line":4,"column":17}},"loc":{"start":{"line":4,"column":57},"end":{"line":7,"column":1}}}},"branchMap":{"0":{"loc":{"start":{"line":6,"column":9},"end":{"line":6,"column":42}},"type":"cond-expr","locations":[{"start":{"line":6,"column":30},"end":{"line":6,"column":31}},{"start":{"line":6,"column":34},"end":{"line":6,"column":42}}]},"1":{"loc":{"start":{"line":9,"column":20},"end":{"line":9,"column":70}},"type":"cond-expr","locations":[{"start":{"line":9,"column":39},"end":{"line":9,"column":63}},{"start":{"line":9,"column":66},"end":{"line":9,"column":70}}]},"2":{"loc":{"start":{"line":10,"column":24},"end":{"line":10,"column":61}},"type":"binary-expr","locations":[{"start":{"line":10,"column":24},"end":{"line":10,"column":44}},{"start":{"line":10,"column":48},"end":{"line":10,"column":61}}]},"3":{"loc":{"start":{"line":11,"column":28},"end":{"line":11,"column":58}},"type":"binary-expr","locations":[{"start":{"line":11,"column":28},"end":{"line":11,"column":52}},{"start":{"line":11,"column":56},"end":{"line":11,"column":58}}]},"4":{"loc":{"start":{"line":12,"column":26},"end":{"line":12,"column":63}},"type":"binary-expr","locations":[{"start":{"line":12,"column":26},"end":{"line":12,"column":48}},{"start":{"line":12,"column":52},"end":{"line":12,"column":63}}]},"5":{"loc":{"start":{"line":13,"column":30},"end":{"line":13,"column":64}},"type":"binary-expr","locations":[{"start":{"line":13,"column":30},"end":{"line":13,"column":56}},{"start":{"line":13,"column":60},"end":{"line":13,"column":64}}]},"6":{"loc":{"start":{"line":17,"column":26},"end":{"line":17,"column":91}},"type":"binary-expr","locations":[{"start":{"line":17,"column":26},"end":{"line":17,"column":48}},{"start":{"line":17,"column":52},"end":{"line":17,"column":91}}]},"7":{"loc":{"start":{"line":18,"column":25},"end":{"line":18,"column":52}},"type":"binary-expr","locations":[{"start":{"line":18,"column":25},"end":{"line":18,"column":46}},{"start":{"line":18,"column":50},"end":{"line":18,"column":52}}]},"8":{"loc":{"start":{"line":20,"column":25},"end":{"line":20,"column":52}},"type":"binary-expr","locations":[{"start":{"line":20,"column":25},"end":{"line":20,"column":46}},{"start":{"line":20,"column":50},"end":{"line":20,"column":52}}]},"9":{"loc":{"start":{"line":21,"column":25},"end":{"line":21,"column":52}},"type":"binary-expr","locations":[{"start":{"line":21,"column":25},"end":{"line":21,"column":46}},{"start":{"line":21,"column":50},"end":{"line":21,"column":52}}]},"10":{"loc":{"start":{"line":31,"column":50},"end":{"line":31,"column":96}},"type":"binary-expr","locations":[{"start":{"line":31,"column":50},"end":{"line":31,"column":89}},{"start":{"line":31,"column":93},"end":{"line":31,"column":96}}]},"11":{"loc":{"start":{"line":32,"column":38},"end":{"line":32,"column":83}},"type":"binary-expr","locations":[{"start":{"line":32,"column":38},"end":{"line":32,"column":72}},{"start":{"line":32,"column":76},"end":{"line":32,"column":83}}]},"12":{"loc":{"start":{"line":33,"column":43},"end":{"line":33,"column":82}},"type":"binary-expr","locations":[{"start":{"line":33,"column":43},"end":{"line":33,"column":75}},{"start":{"line":33,"column":79},"end":{"line":33,"column":82}}]},"13":{"loc":{"start":{"line":36,"column":39},"end":{"line":36,"column":72}},"type":"binary-expr","locations":[{"start":{"line":36,"column":39},"end":{"line":36,"column":67}},{"start":{"line":36,"column":71},"end":{"line":36,"column":72}}]},"14":{"loc":{"start":{"line":37,"column":51},"end":{"line":37,"column":97}},"type":"binary-expr","locations":[{"start":{"line":37,"column":51},"end":{"line":37,"column":91}},{"start":{"line":37,"column":95},"end":{"line":37,"column":97}}]},"15":{"loc":{"start":{"line":44,"column":28},"end":{"line":44,"column":79}},"type":"binary-expr","locations":[{"start":{"line":44,"column":28},"end":{"line":44,"column":52}},{"start":{"line":44,"column":56},"end":{"line":44,"column":79}}]},"16":{"loc":{"start":{"line":45,"column":23},"end":{"line":45,"column":72}},"type":"binary-expr","locations":[{"start":{"line":45,"column":23},"end":{"line":45,"column":42}},{"start":{"line":45,"column":46},"end":{"line":45,"column":72}}]},"17":{"loc":{"start":{"line":47,"column":0},"end":{"line":54,"column":1}},"type":"if","locations":[{"start":{"line":47,"column":0},"end":{"line":54,"column":1}},{"start":{},"end":{}}]},"18":{"loc":{"start":{"line":48,"column":2},"end":{"line":50,"column":3}},"type":"if","locations":[{"start":{"line":48,"column":2},"end":{"line":50,"column":3}},{"start":{},"end":{}}]},"19":{"loc":{"start":{"line":51,"column":2},"end":{"line":53,"column":3}},"type":"if","locations":[{"start":{"line":51,"column":2},"end":{"line":53,"column":3}},{"start":{},"end":{}}]}},"s":{"0":17,"1":17,"2":187,"3":187,"4":17,"5":17,"6":17,"7":17,"8":17,"9":17,"10":17,"11":17,"12":17,"13":17,"14":17,"15":17,"16":17,"17":17,"18":17,"19":17,"20":17,"21":17,"22":17,"23":17,"24":17,"25":17,"26":17,"27":17,"28":17,"29":17,"30":17,"31":17,"32":0,"33":0,"34":0,"35":0},"f":{"0":187},"b":{"0":[119,68],"1":[17,0],"2":[17,0],"3":[17,0],"4":[17,0],"5":[17,0],"6":[17,0],"7":[17,17],"8":[17,17],"9":[17,17],"10":[17,0],"11":[17,0],"12":[17,0],"13":[17,0],"14":[17,0],"15":[17,0],"16":[17,0],"17":[0,17],"18":[0,0],"19":[0,0]}}
,"C:\\Users\\12\\Desktop\\4 курс\\КРБ\\novel-platform\\backend\\src\\services\\auth.service.ts": {"path":"C:\\Users\\12\\Desktop\\4 курс\\КРБ\\novel-platform\\backend\\src\\services\\auth.service.ts","statementMap":{"0":{"start":{"line":41,"column":0},"end":{"line":41,"column":7}},"1":{"start":{"line":120,"column":0},"end":{"line":120,"column":7}},"2":{"start":{"line":148,"column":0},"end":{"line":148,"column":7}},"3":{"start":{"line":174,"column":0},"end":{"line":174,"column":7}},"4":{"start":{"line":205,"column":0},"end":{"line":205,"column":7}},"5":{"start":{"line":212,"column":0},"end":{"line":212,"column":7}},"6":{"start":{"line":230,"column":0},"end":{"line":230,"column":7}},"7":{"start":{"line":252,"column":0},"end":{"line":252,"column":7}},"8":{"start":{"line":1,"column":0},"end":{"line":1,"column":38}},"9":{"start":{"line":2,"column":0},"end":{"line":2,"column":28}},"10":{"start":{"line":3,"column":0},"end":{"line":3,"column":36}},"11":{"start":{"line":7,"column":0},"end":{"line":7,"column":null}},"12":{"start":{"line":14,"column":0},"end":{"line":14,"column":59}},"13":{"start":{"line":15,"column":0},"end":{"line":15,"column":80}},"14":{"start":{"line":28,"column":2},"end":{"line":37,"column":4}},"15":{"start":{"line":51,"column":2},"end":{"line":58,"column":3}},"16":{"start":{"line":52,"column":19},"end":{"line":52,"column":69}},"17":{"start":{"line":53,"column":4},"end":{"line":57,"column":5}},"18":{"start":{"line":54,"column":23},"end":{"line":54,"column":56}},"19":{"start":{"line":55,"column":6},"end":{"line":55,"column":31}},"20":{"start":{"line":56,"column":6},"end":{"line":56,"column":16}},"21":{"start":{"line":59,"column":2},"end":{"line":66,"column":3}},"22":{"start":{"line":60,"column":19},"end":{"line":60,"column":72}},"23":{"start":{"line":61,"column":4},"end":{"line":65,"column":5}},"24":{"start":{"line":62,"column":23},"end":{"line":62,"column":59}},"25":{"start":{"line":63,"column":6},"end":{"line":63,"column":34}},"26":{"start":{"line":64,"column":6},"end":{"line":64,"column":16}},"27":{"start":{"line":69,"column":17},"end":{"line":69,"column":72}},"28":{"start":{"line":70,"column":15},"end":{"line":78,"column":4}},"29":{"start":{"line":82,"column":2},"end":{"line":114,"column":3}},"30":{"start":{"line":83,"column":18},"end":{"line":83,"column":35}},"31":{"start":{"line":84,"column":24},"end":{"line":84,"column":40}},"32":{"start":{"line":85,"column":20},"end":{"line":85,"column":89}},"33":{"start":{"line":88,"column":4},"end":{"line":94,"column":7}},"34":{"start":{"line":97,"column":4},"end":{"line":113,"column":5}},"35":{"start":{"line":99,"column":29},"end":{"line":99,"column":70}},"36":{"start":{"line":101,"column":6},"end":{"line":101,"column":28}},"37":{"start":{"line":103,"column":6},"end":{"line":103,"column":91}},"38":{"start":{"line":105,"column":6},"end":{"line":109,"column":7}},"39":{"start":{"line":106,"column":8},"end":{"line":106,"column":61}},"40":{"start":{"line":108,"column":8},"end":{"line":108,"column":81}},"41":{"start":{"line":110,"column":21},"end":{"line":110,"column":67}},"42":{"start":{"line":111,"column":6},"end":{"line":111,"column":35}},"43":{"start":{"line":112,"column":6},"end":{"line":112,"column":14}},"44":{"start":{"line":117,"column":2},"end":{"line":117,"column":24}},"45":{"start":{"line":121,"column":17},"end":{"line":121,"column":33}},"46":{"start":{"line":122,"column":15},"end":{"line":122,"column":107}},"47":{"start":{"line":123,"column":2},"end":{"line":127,"column":3}},"48":{"start":{"line":124,"column":21},"end":{"line":124,"column":47}},"49":{"start":{"line":125,"column":4},"end":{"line":125,"column":31}},"50":{"start":{"line":126,"column":4},"end":{"line":126,"column":14}},"51":{"start":{"line":128,"column":2},"end":{"line":132,"column":3}},"52":{"start":{"line":129,"column":21},"end":{"line":129,"column":47}},"53":{"start":{"line":130,"column":4},"end":{"line":130,"column":31}},"54":{"start":{"line":131,"column":4},"end":{"line":131,"column":14}},"55":{"start":{"line":135,"column":22},"end":{"line":142,"column":4}},"56":{"start":{"line":145,"column":2},"end":{"line":145,"column":31}},"57":{"start":{"line":149,"column":15},"end":{"line":149,"column":65}},"58":{"start":{"line":150,"column":2},"end":{"line":153,"column":3}},"59":{"start":{"line":152,"column":4},"end":{"line":152,"column":11}},"60":{"start":{"line":154,"column":2},"end":{"line":156,"column":3}},"61":{"start":{"line":155,"column":4},"end":{"line":155,"column":11}},"62":{"start":{"line":157,"column":16},"end":{"line":157,"column":33}},"63":{"start":{"line":158,"column":22},"end":{"line":158,"column":38}},"64":{"start":{"line":159,"column":18},"end":{"line":159,"column":87}},"65":{"start":{"line":162,"column":2},"end":{"line":168,"column":5}},"66":{"start":{"line":171,"column":2},"end":{"line":171,"column":44}},"67":{"start":{"line":176,"column":4},"end":{"line":177,"column":71}},"68":{"start":{"line":179,"column":2},"end":{"line":184,"column":3}},"69":{"start":{"line":180,"column":21},"end":{"line":180,"column":53}},"70":{"start":{"line":181,"column":4},"end":{"line":181,"column":37}},"71":{"start":{"line":182,"column":4},"end":{"line":182,"column":14}},"72":{"start":{"line":187,"column":13},"end":{"line":187,"column":58}},"73":{"start":{"line":188,"column":2},"end":{"line":192,"column":3}},"74":{"start":{"line":189,"column":21},"end":{"line":189,"column":53}},"75":{"start":{"line":190,"column":4},"end":{"line":190,"column":37}},"76":{"start":{"line":191,"column":4},"end":{"line":191,"column":14}},"77":{"start":{"line":195,"column":16},"end":{"line":198,"column":null}},"78":{"start":{"line":201,"column":2},"end":{"line":201,"column":41}},"79":{"start":{"line":206,"column":15},"end":{"line":206,"column":62}},"80":{"start":{"line":207,"column":2},"end":{"line":207,"column":25}},"81":{"start":{"line":207,"column":13},"end":{"line":207,"column":25}},"82":{"start":{"line":208,"column":2},"end":{"line":208,"column":24}},"83":{"start":{"line":213,"column":15},"end":{"line":213,"column":70}},"84":{"start":{"line":214,"column":2},"end":{"line":218,"column":3}},"85":{"start":{"line":215,"column":21},"end":{"line":215,"column":48}},"86":{"start":{"line":216,"column":4},"end":{"line":216,"column":32}},"87":{"start":{"line":217,"column":4},"end":{"line":217,"column":14}},"88":{"start":{"line":219,"column":13},"end":{"line":219,"column":65}},"89":{"start":{"line":220,"column":2},"end":{"line":224,"column":3}},"90":{"start":{"line":221,"column":21},"end":{"line":221,"column":63}},"91":{"start":{"line":222,"column":4},"end":{"line":222,"column":34}},"92":{"start":{"line":223,"column":4},"end":{"line":223,"column":14}},"93":{"start":{"line":225,"column":17},"end":{"line":225,"column":75}},"94":{"start":{"line":226,"column":2},"end":{"line":226,"column":82}},"95":{"start":{"line":227,"column":2},"end":{"line":227,"column":14}},"96":{"start":{"line":231,"column":15},"end":{"line":231,"column":65}},"97":{"start":{"line":232,"column":2},"end":{"line":234,"column":3}},"98":{"start":{"line":233,"column":4},"end":{"line":233,"column":11}},"99":{"start":{"line":235,"column":16},"end":{"line":235,"column":33}},"100":{"start":{"line":236,"column":22},"end":{"line":236,"column":38}},"101":{"start":{"line":237,"column":18},"end":{"line":237,"column":88}},"102":{"start":{"line":240,"column":2},"end":{"line":246,"column":5}},"103":{"start":{"line":249,"column":2},"end":{"line":249,"column":45}},"104":{"start":{"line":253,"column":17},"end":{"line":253,"column":33}},"105":{"start":{"line":254,"column":15},"end":{"line":254,"column":85}},"106":{"start":{"line":255,"column":2},"end":{"line":259,"column":3}},"107":{"start":{"line":256,"column":21},"end":{"line":256,"column":47}},"108":{"start":{"line":257,"column":4},"end":{"line":257,"column":31}},"109":{"start":{"line":258,"column":4},"end":{"line":258,"column":14}},"110":{"start":{"line":260,"column":2},"end":{"line":264,"column":3}},"111":{"start":{"line":261,"column":21},"end":{"line":261,"column":47}},"112":{"start":{"line":262,"column":4},"end":{"line":262,"column":31}},"113":{"start":{"line":263,"column":4},"end":{"line":263,"column":14}},"114":{"start":{"line":267,"column":25},"end":{"line":267,"column":83}},"115":{"start":{"line":268,"column":2},"end":{"line":275,"column":5}},"116":{"start":{"line":278,"column":2},"end":{"line":278,"column":14}}},"fnMap":{"0":{"name":"safeUser","decl":{"start":{"line":27,"column":9},"end":{"line":27,"column":17}},"loc":{"start":{"line":27,"column":27},"end":{"line":38,"column":1}}},"1":{"name":"registerUser","decl":{"start":{"line":41,"column":22},"end":{"line":41,"column":34}},"loc":{"start":{"line":49,"column":1},"end":{"line":118,"column":1}}},"2":{"name":"confirmEmail","decl":{"start":{"line":120,"column":22},"end":{"line":120,"column":34}},"loc":{"start":{"line":120,"column":48},"end":{"line":146,"column":1}}},"3":{"name":"resendConfirmation","decl":{"start":{"line":148,"column":22},"end":{"line":148,"column":40}},"loc":{"start":{"line":148,"column":54},"end":{"line":172,"column":1}}},"4":{"name":"login","decl":{"start":{"line":174,"column":22},"end":{"line":174,"column":27}},"loc":{"start":{"line":174,"column":64},"end":{"line":202,"column":1}}},"5":{"name":"getUserById","decl":{"start":{"line":205,"column":22},"end":{"line":205,"column":33}},"loc":{"start":{"line":205,"column":44},"end":{"line":209,"column":1}}},"6":{"name":"changePassword","decl":{"start":{"line":212,"column":22},"end":{"line":212,"column":36}},"loc":{"start":{"line":212,"column":97},"end":{"line":228,"column":1}}},"7":{"name":"requestPasswordReset","decl":{"start":{"line":230,"column":22},"end":{"line":230,"column":42}},"loc":{"start":{"line":230,"column":56},"end":{"line":250,"column":1}}},"8":{"name":"resetPassword","decl":{"start":{"line":252,"column":22},"end":{"line":252,"column":35}},"loc":{"start":{"line":252,"column":70},"end":{"line":279,"column":1}}}},"branchMap":{"0":{"loc":{"start":{"line":33,"column":15},"end":{"line":33,"column":37}},"type":"binary-expr","locations":[{"start":{"line":33,"column":15},"end":{"line":33,"column":29}},{"start":{"line":33,"column":33},"end":{"line":33,"column":37}}]},"1":{"loc":{"start":{"line":51,"column":2},"end":{"line":58,"column":3}},"type":"if","locations":[{"start":{"line":51,"column":2},"end":{"line":58,"column":3}},{"start":{},"end":{}}]},"2":{"loc":{"start":{"line":53,"column":4},"end":{"line":57,"column":5}},"type":"if","locations":[{"start":{"line":53,"column":4},"end":{"line":57,"column":5}},{"start":{},"end":{}}]},"3":{"loc":{"start":{"line":59,"column":2},"end":{"line":66,"column":3}},"type":"if","locations":[{"start":{"line":59,"column":2},"end":{"line":66,"column":3}},{"start":{},"end":{}}]},"4":{"loc":{"start":{"line":61,"column":4},"end":{"line":65,"column":5}},"type":"if","locations":[{"start":{"line":61,"column":4},"end":{"line":65,"column":5}},{"start":{},"end":{}}]},"5":{"loc":{"start":{"line":76,"column":22},"end":{"line":76,"column":42}},"type":"cond-expr","locations":[{"start":{"line":76,"column":30},"end":{"line":76,"column":35}},{"start":{"line":76,"column":38},"end":{"line":76,"column":42}}]},"6":{"loc":{"start":{"line":82,"column":2},"end":{"line":114,"column":3}},"type":"if","locations":[{"start":{"line":82,"column":2},"end":{"line":114,"column":3}},{"start":{},"end":{}}]},"7":{"loc":{"start":{"line":123,"column":2},"end":{"line":127,"column":3}},"type":"if","locations":[{"start":{"line":123,"column":2},"end":{"line":127,"column":3}},{"start":{},"end":{}}]},"8":{"loc":{"start":{"line":128,"column":2},"end":{"line":132,"column":3}},"type":"if","locations":[{"start":{"line":128,"column":2},"end":{"line":132,"column":3}},{"start":{},"end":{}}]},"9":{"loc":{"start":{"line":128,"column":6},"end":{"line":128,"column":72}},"type":"binary-expr","locations":[{"start":{"line":128,"column":6},"end":{"line":128,"column":31}},{"start":{"line":128,"column":35},"end":{"line":128,"column":72}}]},"10":{"loc":{"start":{"line":150,"column":2},"end":{"line":153,"column":3}},"type":"if","locations":[{"start":{"line":150,"column":2},"end":{"line":153,"column":3}},{"start":{},"end":{}}]},"11":{"loc":{"start":{"line":154,"column":2},"end":{"line":156,"column":3}},"type":"if","locations":[{"start":{"line":154,"column":2},"end":{"line":156,"column":3}},{"start":{},"end":{}}]},"12":{"loc":{"start":{"line":176,"column":4},"end":{"line":177,"column":71}},"type":"binary-expr","locations":[{"start":{"line":176,"column":5},"end":{"line":176,"column":67}},{"start":{"line":177,"column":5},"end":{"line":177,"column":70}}]},"13":{"loc":{"start":{"line":179,"column":2},"end":{"line":184,"column":3}},"type":"if","locations":[{"start":{"line":179,"column":2},"end":{"line":184,"column":3}},{"start":{},"end":{}}]},"14":{"loc":{"start":{"line":188,"column":2},"end":{"line":192,"column":3}},"type":"if","locations":[{"start":{"line":188,"column":2},"end":{"line":192,"column":3}},{"start":{},"end":{}}]},"15":{"loc":{"start":{"line":207,"column":2},"end":{"line":207,"column":25}},"type":"if","locations":[{"start":{"line":207,"column":2},"end":{"line":207,"column":25}},{"start":{},"end":{}}]},"16":{"loc":{"start":{"line":214,"column":2},"end":{"line":218,"column":3}},"type":"if","locations":[{"start":{"line":214,"column":2},"end":{"line":218,"column":3}},{"start":{},"end":{}}]},"17":{"loc":{"start":{"line":220,"column":2},"end":{"line":224,"column":3}},"type":"if","locations":[{"start":{"line":220,"column":2},"end":{"line":224,"column":3}},{"start":{},"end":{}}]},"18":{"loc":{"start":{"line":232,"column":2},"end":{"line":234,"column":3}},"type":"if","locations":[{"start":{"line":232,"column":2},"end":{"line":234,"column":3}},{"start":{},"end":{}}]},"19":{"loc":{"start":{"line":255,"column":2},"end":{"line":259,"column":3}},"type":"if","locations":[{"start":{"line":255,"column":2},"end":{"line":259,"column":3}},{"start":{},"end":{}}]},"20":{"loc":{"start":{"line":260,"column":2},"end":{"line":264,"column":3}},"type":"if","locations":[{"start":{"line":260,"column":2},"end":{"line":264,"column":3}},{"start":{},"end":{}}]},"21":{"loc":{"start":{"line":260,"column":6},"end":{"line":260,"column":74}},"type":"binary-expr","locations":[{"start":{"line":260,"column":6},"end":{"line":260,"column":32}},{"start":{"line":260,"column":36},"end":{"line":260,"column":74}}]}},"s":{"0":10,"1":10,"2":10,"3":10,"4":10,"5":10,"6":10,"7":10,"8":10,"9":10,"10":10,"11":10,"12":10,"13":10,"14":3,"15":2,"16":2,"17":2,"18":1,"19":1,"20":1,"21":1,"22":0,"23":0,"24":0,"25":0,"26":0,"27":1,"28":1,"29":1,"30":1,"31":1,"32":1,"33":1,"34":1,"35":1,"36":1,"37":0,"38":0,"39":0,"40":0,"41":0,"42":0,"43":0,"44":0,"45":1,"46":1,"47":1,"48":0,"49":0,"50":0,"51":1,"52":0,"53":0,"54":0,"55":1,"56":1,"57":0,"58":0,"59":0,"60":0,"61":0,"62":0,"63":0,"64":0,"65":0,"66":0,"67":2,"68":2,"69":1,"70":1,"71":1,"72":1,"73":1,"74":0,"75":0,"76":0,"77":1,"78":1,"79":0,"80":0,"81":0,"82":0,"83":2,"84":2,"85":0,"86":0,"87":0,"88":2,"89":2,"90":1,"91":1,"92":1,"93":1,"94":1,"95":1,"96":1,"97":1,"98":1,"99":0,"100":0,"101":0,"102":0,"103":0,"104":2,"105":2,"106":2,"107":1,"108":1,"109":1,"110":1,"111":0,"112":0,"113":0,"114":1,"115":1,"116":1},"f":{"0":3,"1":2,"2":1,"3":0,"4":2,"5":0,"6":2,"7":1,"8":2},"b":{"0":[3,3],"1":[2,0],"2":[1,1],"3":[0,1],"4":[0,0],"5":[1,0],"6":[1,0],"7":[0,1],"8":[0,1],"9":[1,1],"10":[0,0],"11":[0,0],"12":[2,1],"13":[1,1],"14":[0,1],"15":[0,0],"16":[0,2],"17":[1,1],"18":[1,0],"19":[1,1],"20":[0,1],"21":[1,1]}}
,"C:\\Users\\12\\Desktop\\4 курс\\КРБ\\novel-platform\\backend\\src\\services\\chapter.service.ts": {"path":"C:\\Users\\12\\Desktop\\4 курс\\КРБ\\novel-platform\\backend\\src\\services\\chapter.service.ts","statementMap":{"0":{"start":{"line":77,"column":0},"end":{"line":77,"column":7}},"1":{"start":{"line":230,"column":0},"end":{"line":230,"column":7}},"2":{"start":{"line":259,"column":0},"end":{"line":259,"column":7}},"3":{"start":{"line":271,"column":0},"end":{"line":271,"column":7}},"4":{"start":{"line":306,"column":0},"end":{"line":306,"column":7}},"5":{"start":{"line":2,"column":0},"end":{"line":2,"column":38}},"6":{"start":{"line":3,"column":0},"end":{"line":3,"column":79}},"7":{"start":{"line":4,"column":0},"end":{"line":4,"column":71}},"8":{"start":{"line":5,"column":0},"end":{"line":5,"column":62}},"9":{"start":{"line":6,"column":0},"end":{"line":6,"column":33}},"10":{"start":{"line":9,"column":40},"end":{"line":9,"column":117}},"11":{"start":{"line":10,"column":36},"end":{"line":10,"column":125}},"12":{"start":{"line":11,"column":29},"end":{"line":11,"column":103}},"13":{"start":{"line":12,"column":27},"end":{"line":12,"column":96}},"14":{"start":{"line":14,"column":31},"end":{"line":14,"column":119}},"15":{"start":{"line":15,"column":29},"end":{"line":15,"column":104}},"16":{"start":{"line":19,"column":18},"end":{"line":19,"column":55}},"17":{"start":{"line":20,"column":2},"end":{"line":20,"column":23}},"18":{"start":{"line":23,"column":2},"end":{"line":28,"column":3}},"19":{"start":{"line":24,"column":14},"end":{"line":24,"column":29}},"20":{"start":{"line":25,"column":4},"end":{"line":25,"column":44}},"21":{"start":{"line":27,"column":4},"end":{"line":27,"column":16}},"22":{"start":{"line":33,"column":16},"end":{"line":37,"column":20}},"23":{"start":{"line":38,"column":12},"end":{"line":38,"column":29}},"24":{"start":{"line":39,"column":2},"end":{"line":42,"column":3}},"25":{"start":{"line":40,"column":4},"end":{"line":40,"column":49}},"26":{"start":{"line":40,"column":26},"end":{"line":40,"column":49}},"27":{"start":{"line":41,"column":4},"end":{"line":41,"column":13}},"28":{"start":{"line":43,"column":2},"end":{"line":45,"column":3}},"29":{"start":{"line":43,"column":15},"end":{"line":43,"column":16}},"30":{"start":{"line":44,"column":4},"end":{"line":44,"column":43}},"31":{"start":{"line":46,"column":2},"end":{"line":46,"column":11}},"32":{"start":{"line":49,"column":12},"end":{"line":49,"column":18}},"33":{"start":{"line":50,"column":12},"end":{"line":50,"column":18}},"34":{"start":{"line":51,"column":2},"end":{"line":51,"column":35}},"35":{"start":{"line":51,"column":26},"end":{"line":51,"column":35}},"36":{"start":{"line":52,"column":14},"end":{"line":52,"column":15}},"37":{"start":{"line":53,"column":2},"end":{"line":53,"column":43}},"38":{"start":{"line":53,"column":21},"end":{"line":53,"column":43}},"39":{"start":{"line":53,"column":35},"end":{"line":53,"column":43}},"40":{"start":{"line":54,"column":16},"end":{"line":54,"column":29}},"41":{"start":{"line":55,"column":2},"end":{"line":55,"column":41}},"42":{"start":{"line":62,"column":2},"end":{"line":62,"column":22}},"43":{"start":{"line":62,"column":13},"end":{"line":62,"column":22}},"44":{"start":{"line":63,"column":18},"end":{"line":63,"column":45}},"45":{"start":{"line":64,"column":2},"end":{"line":64,"column":37}},"46":{"start":{"line":64,"column":28},"end":{"line":64,"column":37}},"47":{"start":{"line":65,"column":17},"end":{"line":65,"column":18}},"48":{"start":{"line":66,"column":2},"end":{"line":68,"column":3}},"49":{"start":{"line":67,"column":4},"end":{"line":67,"column":52}},"50":{"start":{"line":67,"column":41},"end":{"line":67,"column":52}},"51":{"start":{"line":69,"column":2},"end":{"line":69,"column":35}},"52":{"start":{"line":79,"column":23},"end":{"line":79,"column":53}},"53":{"start":{"line":80,"column":20},"end":{"line":80,"column":52}},"54":{"start":{"line":83,"column":2},"end":{"line":87,"column":3}},"55":{"start":{"line":84,"column":19},"end":{"line":84,"column":99}},"56":{"start":{"line":85,"column":4},"end":{"line":85,"column":33}},"57":{"start":{"line":86,"column":4},"end":{"line":86,"column":12}},"58":{"start":{"line":90,"column":16},"end":{"line":90,"column":52}},"59":{"start":{"line":93,"column":25},"end":{"line":98,"column":4}},"60":{"start":{"line":100,"column":26},"end":{"line":100,"column":31}},"61":{"start":{"line":101,"column":30},"end":{"line":101,"column":34}},"62":{"start":{"line":102,"column":2},"end":{"line":112,"column":3}},"63":{"start":{"line":103,"column":4},"end":{"line":111,"column":5}},"64":{"start":{"line":104,"column":19},"end":{"line":104,"column":53}},"65":{"start":{"line":105,"column":18},"end":{"line":105,"column":38}},"66":{"start":{"line":106,"column":6},"end":{"line":110,"column":7}},"67":{"start":{"line":107,"column":8},"end":{"line":107,"column":33}},"68":{"start":{"line":108,"column":8},"end":{"line":108,"column":73}},"69":{"start":{"line":109,"column":8},"end":{"line":109,"column":14}},"70":{"start":{"line":115,"column":25},"end":{"line":115,"column":59}},"71":{"start":{"line":115,"column":49},"end":{"line":115,"column":58}},"72":{"start":{"line":116,"column":2},"end":{"line":116,"column":39}},"73":{"start":{"line":117,"column":19},"end":{"line":117,"column":73}},"74":{"start":{"line":117,"column":49},"end":{"line":117,"column":72}},"75":{"start":{"line":118,"column":18},"end":{"line":118,"column":80}},"76":{"start":{"line":119,"column":26},"end":{"line":119,"column":61}},"77":{"start":{"line":122,"column":24},"end":{"line":122,"column":29}},"78":{"start":{"line":123,"column":37},"end":{"line":123,"column":41}},"79":{"start":{"line":124,"column":2},"end":{"line":130,"column":3}},"80":{"start":{"line":125,"column":18},"end":{"line":125,"column":47}},"81":{"start":{"line":126,"column":4},"end":{"line":126,"column":41}},"82":{"start":{"line":127,"column":4},"end":{"line":129,"column":5}},"83":{"start":{"line":128,"column":6},"end":{"line":128,"column":29}},"84":{"start":{"line":133,"column":25},"end":{"line":179,"column":4}},"85":{"start":{"line":135,"column":4},"end":{"line":135,"column":68}},"86":{"start":{"line":137,"column":18},"end":{"line":137,"column":71}},"87":{"start":{"line":138,"column":4},"end":{"line":138,"column":95}},"88":{"start":{"line":138,"column":16},"end":{"line":138,"column":95}},"89":{"start":{"line":141,"column":16},"end":{"line":144,"column":6}},"90":{"start":{"line":145,"column":22},"end":{"line":145,"column":47}},"91":{"start":{"line":148,"column":20},"end":{"line":156,"column":6}},"92":{"start":{"line":159,"column":16},"end":{"line":162,"column":6}},"93":{"start":{"line":163,"column":23},"end":{"line":163,"column":46}},"94":{"start":{"line":166,"column":29},"end":{"line":166,"column":54}},"95":{"start":{"line":167,"column":4},"end":{"line":170,"column":5}},"96":{"start":{"line":168,"column":6},"end":{"line":168,"column":39}},"97":{"start":{"line":169,"column":6},"end":{"line":169,"column":33}},"98":{"start":{"line":173,"column":4},"end":{"line":176,"column":7}},"99":{"start":{"line":178,"column":4},"end":{"line":178,"column":19}},"100":{"start":{"line":182,"column":2},"end":{"line":211,"column":3}},"101":{"start":{"line":183,"column":4},"end":{"line":210,"column":5}},"102":{"start":{"line":185,"column":25},"end":{"line":185,"column":123}},"103":{"start":{"line":186,"column":23},"end":{"line":186,"column":51}},"104":{"start":{"line":189,"column":6},"end":{"line":205,"column":7}},"105":{"start":{"line":190,"column":39},"end":{"line":190,"column":41}},"106":{"start":{"line":191,"column":8},"end":{"line":191,"column":152}},"107":{"start":{"line":191,"column":31},"end":{"line":191,"column":152}},"108":{"start":{"line":192,"column":8},"end":{"line":192,"column":105}},"109":{"start":{"line":192,"column":29},"end":{"line":192,"column":105}},"110":{"start":{"line":193,"column":8},"end":{"line":193,"column":171}},"111":{"start":{"line":193,"column":55},"end":{"line":193,"column":171}},"112":{"start":{"line":195,"column":20},"end":{"line":195,"column":103}},"113":{"start":{"line":197,"column":8},"end":{"line":204,"column":11}},"114":{"start":{"line":209,"column":6},"end":{"line":209,"column":60}},"115":{"start":{"line":214,"column":2},"end":{"line":225,"column":5}},"116":{"start":{"line":215,"column":4},"end":{"line":224,"column":5}},"117":{"start":{"line":216,"column":6},"end":{"line":221,"column":8}},"118":{"start":{"line":223,"column":6},"end":{"line":223,"column":39}},"119":{"start":{"line":227,"column":2},"end":{"line":227,"column":24}},"120":{"start":{"line":231,"column":12},"end":{"line":231,"column":29}},"121":{"start":{"line":232,"column":12},"end":{"line":232,"column":45}},"122":{"start":{"line":233,"column":15},"end":{"line":233,"column":26}},"123":{"start":{"line":235,"column":25},"end":{"line":251,"column":4}},"124":{"start":{"line":253,"column":2},"end":{"line":256,"column":4}},"125":{"start":{"line":260,"column":18},"end":{"line":267,"column":4}},"126":{"start":{"line":268,"column":2},"end":{"line":268,"column":17}},"127":{"start":{"line":273,"column":23},"end":{"line":273,"column":25}},"128":{"start":{"line":274,"column":2},"end":{"line":274,"column":68}},"129":{"start":{"line":274,"column":41},"end":{"line":274,"column":68}},"130":{"start":{"line":275,"column":2},"end":{"line":280,"column":3}},"131":{"start":{"line":276,"column":18},"end":{"line":276,"column":47}},"132":{"start":{"line":277,"column":15},"end":{"line":277,"column":40}},"133":{"start":{"line":278,"column":4},"end":{"line":278,"column":28}},"134":{"start":{"line":279,"column":4},"end":{"line":279,"column":27}},"135":{"start":{"line":283,"column":18},"end":{"line":301,"column":4}},"136":{"start":{"line":284,"column":15},"end":{"line":287,"column":6}},"137":{"start":{"line":290,"column":16},"end":{"line":293,"column":6}},"138":{"start":{"line":294,"column":23},"end":{"line":294,"column":46}},"139":{"start":{"line":295,"column":4},"end":{"line":298,"column":7}},"140":{"start":{"line":300,"column":4},"end":{"line":300,"column":63}},"141":{"start":{"line":303,"column":2},"end":{"line":303,"column":17}},"142":{"start":{"line":307,"column":2},"end":{"line":325,"column":5}},"143":{"start":{"line":308,"column":15},"end":{"line":308,"column":72}},"144":{"start":{"line":309,"column":4},"end":{"line":309,"column":91}},"145":{"start":{"line":309,"column":13},"end":{"line":309,"column":91}},"146":{"start":{"line":311,"column":4},"end":{"line":311,"column":58}},"147":{"start":{"line":314,"column":16},"end":{"line":317,"column":6}},"148":{"start":{"line":318,"column":23},"end":{"line":318,"column":46}},"149":{"start":{"line":319,"column":4},"end":{"line":322,"column":7}},"150":{"start":{"line":324,"column":4},"end":{"line":324,"column":24}}},"fnMap":{"0":{"name":"extractLinksFromHtml","decl":{"start":{"line":18,"column":9},"end":{"line":18,"column":29}},"loc":{"start":{"line":18,"column":42},"end":{"line":21,"column":1}}},"1":{"name":"domainOfUrl","decl":{"start":{"line":22,"column":9},"end":{"line":22,"column":20}},"loc":{"start":{"line":22,"column":35},"end":{"line":29,"column":1}}},"2":{"name":"shingles","decl":{"start":{"line":32,"column":9},"end":{"line":32,"column":17}},"loc":{"start":{"line":32,"column":37},"end":{"line":47,"column":1}}},"3":{"name":"jaccard","decl":{"start":{"line":48,"column":9},"end":{"line":48,"column":16}},"loc":{"start":{"line":48,"column":47},"end":{"line":56,"column":1}}},"4":{"name":"cyrillicRatio","decl":{"start":{"line":61,"column":9},"end":{"line":61,"column":22}},"loc":{"start":{"line":61,"column":35},"end":{"line":70,"column":1}}},"5":{"name":"createChapter","decl":{"start":{"line":77,"column":22},"end":{"line":77,"column":35}},"loc":{"start":{"line":77,"column":95},"end":{"line":228,"column":1}}},"6":{"name":"(anonymous_16)","decl":{"start":{"line":115,"column":44},"end":{"line":115,"column":45}},"loc":{"start":{"line":115,"column":49},"end":{"line":115,"column":58}}},"7":{"name":"(anonymous_17)","decl":{"start":{"line":117,"column":42},"end":{"line":117,"column":43}},"loc":{"start":{"line":117,"column":49},"end":{"line":117,"column":72}}},"8":{"name":"(anonymous_18)","decl":{"start":{"line":133,"column":51},"end":{"line":133,"column":56}},"loc":{"start":{"line":133,"column":64},"end":{"line":179,"column":3}}},"9":{"name":"(anonymous_19)","decl":{"start":{"line":214,"column":15},"end":{"line":214,"column":18}},"loc":{"start":{"line":214,"column":20},"end":{"line":225,"column":3}}},"10":{"name":"listChaptersByNovel","decl":{"start":{"line":230,"column":22},"end":{"line":230,"column":41}},"loc":{"start":{"line":230,"column":79},"end":{"line":257,"column":1}}},"11":{"name":"getChapterById","decl":{"start":{"line":259,"column":22},"end":{"line":259,"column":36}},"loc":{"start":{"line":259,"column":47},"end":{"line":269,"column":1}}},"12":{"name":"updateChapter","decl":{"start":{"line":271,"column":22},"end":{"line":271,"column":35}},"loc":{"start":{"line":271,"column":97},"end":{"line":304,"column":1}}},"13":{"name":"(anonymous_23)","decl":{"start":{"line":283,"column":44},"end":{"line":283,"column":49}},"loc":{"start":{"line":283,"column":57},"end":{"line":301,"column":3}}},"14":{"name":"deleteChapter","decl":{"start":{"line":306,"column":22},"end":{"line":306,"column":35}},"loc":{"start":{"line":306,"column":53},"end":{"line":326,"column":1}}},"15":{"name":"(anonymous_25)","decl":{"start":{"line":307,"column":29},"end":{"line":307,"column":34}},"loc":{"start":{"line":307,"column":42},"end":{"line":325,"column":3}}}},"branchMap":{"0":{"loc":{"start":{"line":9,"column":47},"end":{"line":9,"column":116}},"type":"binary-expr","locations":[{"start":{"line":9,"column":47},"end":{"line":9,"column":72}},{"start":{"line":9,"column":76},"end":{"line":9,"column":109}},{"start":{"line":9,"column":113},"end":{"line":9,"column":116}}]},"1":{"loc":{"start":{"line":10,"column":43},"end":{"line":10,"column":124}},"type":"binary-expr","locations":[{"start":{"line":10,"column":43},"end":{"line":10,"column":74}},{"start":{"line":10,"column":78},"end":{"line":10,"column":117}},{"start":{"line":10,"column":121},"end":{"line":10,"column":124}}]},"2":{"loc":{"start":{"line":11,"column":36},"end":{"line":11,"column":102}},"type":"binary-expr","locations":[{"start":{"line":11,"column":36},"end":{"line":11,"column":60}},{"start":{"line":11,"column":64},"end":{"line":11,"column":96}},{"start":{"line":11,"column":100},"end":{"line":11,"column":102}}]},"3":{"loc":{"start":{"line":12,"column":34},"end":{"line":12,"column":95}},"type":"binary-expr","locations":[{"start":{"line":12,"column":34},"end":{"line":12,"column":56}},{"start":{"line":12,"column":60},"end":{"line":12,"column":90}},{"start":{"line":12,"column":94},"end":{"line":12,"column":95}}]},"4":{"loc":{"start":{"line":14,"column":32},"end":{"line":14,"column":107}},"type":"binary-expr","locations":[{"start":{"line":14,"column":32},"end":{"line":14,"column":58}},{"start":{"line":14,"column":62},"end":{"line":14,"column":96}},{"start":{"line":14,"column":100},"end":{"line":14,"column":107}}]},"5":{"loc":{"start":{"line":15,"column":36},"end":{"line":15,"column":103}},"type":"binary-expr","locations":[{"start":{"line":15,"column":36},"end":{"line":15,"column":60}},{"start":{"line":15,"column":64},"end":{"line":15,"column":96}},{"start":{"line":15,"column":100},"end":{"line":15,"column":103}}]},"6":{"loc":{"start":{"line":20,"column":9},"end":{"line":20,"column":22}},"type":"binary-expr","locations":[{"start":{"line":20,"column":9},"end":{"line":20,"column":16}},{"start":{"line":20,"column":20},"end":{"line":20,"column":22}}]},"7":{"loc":{"start":{"line":32,"column":32},"end":{"line":32,"column":37}},"type":"default-arg","locations":[{"start":{"line":32,"column":36},"end":{"line":32,"column":37}}]},"8":{"loc":{"start":{"line":39,"column":2},"end":{"line":42,"column":3}},"type":"if","locations":[{"start":{"line":39,"column":2},"end":{"line":42,"column":3}},{"start":{},"end":{}}]},"9":{"loc":{"start":{"line":40,"column":4},"end":{"line":40,"column":49}},"type":"if","locations":[{"start":{"line":40,"column":4},"end":{"line":40,"column":49}},{"start":{},"end":{}}]},"10":{"loc":{"start":{"line":51,"column":2},"end":{"line":51,"column":35}},"type":"if","locations":[{"start":{"line":51,"column":2},"end":{"line":51,"column":35}},{"start":{},"end":{}}]},"11":{"loc":{"start":{"line":51,"column":6},"end":{"line":51,"column":24}},"type":"binary-expr","locations":[{"start":{"line":51,"column":6},"end":{"line":51,"column":13}},{"start":{"line":51,"column":17},"end":{"line":51,"column":24}}]},"12":{"loc":{"start":{"line":53,"column":21},"end":{"line":53,"column":43}},"type":"if","locations":[{"start":{"line":53,"column":21},"end":{"line":53,"column":43}},{"start":{},"end":{}}]},"13":{"loc":{"start":{"line":55,"column":9},"end":{"line":55,"column":40}},"type":"cond-expr","locations":[{"start":{"line":55,"column":23},"end":{"line":55,"column":24}},{"start":{"line":55,"column":27},"end":{"line":55,"column":40}}]},"14":{"loc":{"start":{"line":62,"column":2},"end":{"line":62,"column":22}},"type":"if","locations":[{"start":{"line":62,"column":2},"end":{"line":62,"column":22}},{"start":{},"end":{}}]},"15":{"loc":{"start":{"line":63,"column":18},"end":{"line":63,"column":45}},"type":"binary-expr","locations":[{"start":{"line":63,"column":18},"end":{"line":63,"column":39}},{"start":{"line":63,"column":43},"end":{"line":63,"column":45}}]},"16":{"loc":{"start":{"line":64,"column":2},"end":{"line":64,"column":37}},"type":"if","locations":[{"start":{"line":64,"column":2},"end":{"line":64,"column":37}},{"start":{},"end":{}}]},"17":{"loc":{"start":{"line":67,"column":4},"end":{"line":67,"column":52}},"type":"if","locations":[{"start":{"line":67,"column":4},"end":{"line":67,"column":52}},{"start":{},"end":{}}]},"18":{"loc":{"start":{"line":83,"column":2},"end":{"line":87,"column":3}},"type":"if","locations":[{"start":{"line":83,"column":2},"end":{"line":87,"column":3}},{"start":{},"end":{}}]},"19":{"loc":{"start":{"line":102,"column":2},"end":{"line":112,"column":3}},"type":"if","locations":[{"start":{"line":102,"column":2},"end":{"line":112,"column":3}},{"start":{},"end":{}}]},"20":{"loc":{"start":{"line":102,"column":6},"end":{"line":102,"column":66}},"type":"binary-expr","locations":[{"start":{"line":102,"column":6},"end":{"line":102,"column":37}},{"start":{"line":102,"column":41},"end":{"line":102,"column":66}}]},"21":{"loc":{"start":{"line":106,"column":6},"end":{"line":110,"column":7}},"type":"if","locations":[{"start":{"line":106,"column":6},"end":{"line":110,"column":7}},{"start":{},"end":{}}]},"22":{"loc":{"start":{"line":124,"column":2},"end":{"line":130,"column":3}},"type":"if","locations":[{"start":{"line":124,"column":2},"end":{"line":130,"column":3}},{"start":{},"end":{}}]},"23":{"loc":{"start":{"line":125,"column":28},"end":{"line":125,"column":46}},"type":"binary-expr","locations":[{"start":{"line":125,"column":28},"end":{"line":125,"column":40}},{"start":{"line":125,"column":44},"end":{"line":125,"column":46}}]},"24":{"loc":{"start":{"line":127,"column":4},"end":{"line":129,"column":5}},"type":"if","locations":[{"start":{"line":127,"column":4},"end":{"line":129,"column":5}},{"start":{},"end":{}}]},"25":{"loc":{"start":{"line":138,"column":4},"end":{"line":138,"column":95}},"type":"if","locations":[{"start":{"line":138,"column":4},"end":{"line":138,"column":95}},{"start":{},"end":{}}]},"26":{"loc":{"start":{"line":145,"column":23},"end":{"line":145,"column":42}},"type":"binary-expr","locations":[{"start":{"line":145,"column":23},"end":{"line":145,"column":37}},{"start":{"line":145,"column":41},"end":{"line":145,"column":42}}]},"27":{"loc":{"start":{"line":163,"column":23},"end":{"line":163,"column":46}},"type":"binary-expr","locations":[{"start":{"line":163,"column":23},"end":{"line":163,"column":41}},{"start":{"line":163,"column":45},"end":{"line":163,"column":46}}]},"28":{"loc":{"start":{"line":167,"column":4},"end":{"line":170,"column":5}},"type":"if","locations":[{"start":{"line":167,"column":4},"end":{"line":170,"column":5}},{"start":{},"end":{}}]},"29":{"loc":{"start":{"line":167,"column":8},"end":{"line":167,"column":63}},"type":"binary-expr","locations":[{"start":{"line":167,"column":8},"end":{"line":167,"column":25}},{"start":{"line":167,"column":29},"end":{"line":167,"column":44}},{"start":{"line":167,"column":48},"end":{"line":167,"column":63}}]},"30":{"loc":{"start":{"line":182,"column":2},"end":{"line":211,"column":3}},"type":"if","locations":[{"start":{"line":182,"column":2},"end":{"line":211,"column":3}},{"start":{},"end":{}}]},"31":{"loc":{"start":{"line":182,"column":6},"end":{"line":182,"column":89}},"type":"binary-expr","locations":[{"start":{"line":182,"column":6},"end":{"line":182,"column":23}},{"start":{"line":182,"column":27},"end":{"line":182,"column":42}},{"start":{"line":182,"column":47},"end":{"line":182,"column":69}},{"start":{"line":182,"column":73},"end":{"line":182,"column":88}}]},"32":{"loc":{"start":{"line":186,"column":23},"end":{"line":186,"column":51}},"type":"binary-expr","locations":[{"start":{"line":186,"column":23},"end":{"line":186,"column":43}},{"start":{"line":186,"column":47},"end":{"line":186,"column":51}}]},"33":{"loc":{"start":{"line":189,"column":6},"end":{"line":205,"column":7}},"type":"if","locations":[{"start":{"line":189,"column":6},"end":{"line":205,"column":7}},{"start":{},"end":{}}]},"34":{"loc":{"start":{"line":191,"column":8},"end":{"line":191,"column":152}},"type":"if","locations":[{"start":{"line":191,"column":8},"end":{"line":191,"column":152}},{"start":{},"end":{}}]},"35":{"loc":{"start":{"line":192,"column":8},"end":{"line":192,"column":105}},"type":"if","locations":[{"start":{"line":192,"column":8},"end":{"line":192,"column":105}},{"start":{},"end":{}}]},"36":{"loc":{"start":{"line":193,"column":8},"end":{"line":193,"column":171}},"type":"if","locations":[{"start":{"line":193,"column":8},"end":{"line":193,"column":171}},{"start":{},"end":{}}]},"37":{"loc":{"start":{"line":193,"column":12},"end":{"line":193,"column":53}},"type":"binary-expr","locations":[{"start":{"line":193,"column":12},"end":{"line":193,"column":34}},{"start":{"line":193,"column":38},"end":{"line":193,"column":53}}]},"38":{"loc":{"start":{"line":193,"column":128},"end":{"line":193,"column":152}},"type":"binary-expr","locations":[{"start":{"line":193,"column":128},"end":{"line":193,"column":141}},{"start":{"line":193,"column":145},"end":{"line":193,"column":152}}]},"39":{"loc":{"start":{"line":230,"column":59},"end":{"line":230,"column":67}},"type":"default-arg","locations":[{"start":{"line":230,"column":66},"end":{"line":230,"column":67}}]},"40":{"loc":{"start":{"line":230,"column":69},"end":{"line":230,"column":79}},"type":"default-arg","locations":[{"start":{"line":230,"column":77},"end":{"line":230,"column":79}}]},"41":{"loc":{"start":{"line":274,"column":2},"end":{"line":274,"column":68}},"type":"if","locations":[{"start":{"line":274,"column":2},"end":{"line":274,"column":68}},{"start":{},"end":{}}]},"42":{"loc":{"start":{"line":275,"column":2},"end":{"line":280,"column":3}},"type":"if","locations":[{"start":{"line":275,"column":2},"end":{"line":280,"column":3}},{"start":{},"end":{}}]},"43":{"loc":{"start":{"line":294,"column":23},"end":{"line":294,"column":46}},"type":"binary-expr","locations":[{"start":{"line":294,"column":23},"end":{"line":294,"column":41}},{"start":{"line":294,"column":45},"end":{"line":294,"column":46}}]},"44":{"loc":{"start":{"line":309,"column":4},"end":{"line":309,"column":91}},"type":"if","locations":[{"start":{"line":309,"column":4},"end":{"line":309,"column":91}},{"start":{},"end":{}}]},"45":{"loc":{"start":{"line":318,"column":23},"end":{"line":318,"column":46}},"type":"binary-expr","locations":[{"start":{"line":318,"column":23},"end":{"line":318,"column":41}},{"start":{"line":318,"column":45},"end":{"line":318,"column":46}}]}},"s":{"0":2,"1":2,"2":2,"3":2,"4":2,"5":2,"6":2,"7":2,"8":2,"9":2,"10":2,"11":2,"12":2,"13":2,"14":2,"15":2,"16":1,"17":1,"18":0,"19":0,"20":0,"21":0,"22":1,"23":1,"24":1,"25":1,"26":1,"27":1,"28":0,"29":0,"30":0,"31":0,"32":0,"33":0,"34":0,"35":0,"36":0,"37":0,"38":0,"39":0,"40":0,"41":0,"42":1,"43":0,"44":1,"45":1,"46":0,"47":1,"48":1,"49":3,"50":0,"51":1,"52":2,"53":2,"54":2,"55":1,"56":1,"57":1,"58":1,"59":1,"60":1,"61":1,"62":1,"63":0,"64":0,"65":0,"66":0,"67":0,"68":0,"69":0,"70":1,"71":0,"72":1,"73":1,"74":1,"75":1,"76":1,"77":1,"78":1,"79":1,"80":1,"81":1,"82":1,"83":1,"84":1,"85":1,"86":1,"87":1,"88":0,"89":1,"90":1,"91":1,"92":1,"93":1,"94":1,"95":1,"96":1,"97":1,"98":1,"99":1,"100":1,"101":1,"102":1,"103":1,"104":1,"105":0,"106":0,"107":0,"108":0,"109":0,"110":0,"111":0,"112":0,"113":0,"114":0,"115":1,"116":0,"117":0,"118":0,"119":1,"120":0,"121":0,"122":0,"123":0,"124":0,"125":0,"126":0,"127":0,"128":0,"129":0,"130":0,"131":0,"132":0,"133":0,"134":0,"135":0,"136":0,"137":0,"138":0,"139":0,"140":0,"141":0,"142":0,"143":0,"144":0,"145":0,"146":0,"147":0,"148":0,"149":0,"150":0},"f":{"0":1,"1":0,"2":1,"3":0,"4":1,"5":2,"6":0,"7":1,"8":1,"9":0,"10":0,"11":0,"12":0,"13":0,"14":0,"15":0},"b":{"0":[2,0,0],"1":[2,0,0],"2":[2,0,0],"3":[2,0,0],"4":[2,0,0],"5":[2,0,0],"6":[1,1],"7":[0],"8":[1,0],"9":[1,0],"10":[0,0],"11":[0,0],"12":[0,0],"13":[0,0],"14":[0,1],"15":[1,0],"16":[0,1],"17":[0,3],"18":[1,1],"19":[0,1],"20":[1,1],"21":[0,0],"22":[1,0],"23":[1,0],"24":[1,0],"25":[0,1],"26":[1,0],"27":[1,0],"28":[1,0],"29":[1,1,1],"30":[1,0],"31":[1,1,1,1],"32":[1,1],"33":[0,1],"34":[0,0],"35":[0,0],"36":[0,0],"37":[0,0],"38":[0,0],"39":[0],"40":[0],"41":[0,0],"42":[0,0],"43":[0,0],"44":[0,0],"45":[0,0]}}
,"C:\\Users\\12\\Desktop\\4 курс\\КРБ\\novel-platform\\backend\\src\\services\\email.service.ts": {"path":"C:\\Users\\12\\Desktop\\4 курс\\КРБ\\novel-platform\\backend\\src\\services\\email.service.ts","statementMap":{"0":{"start":{"line":50,"column":0},"end":{"line":50,"column":7}},"1":{"start":{"line":74,"column":0},"end":{"line":74,"column":7}},"2":{"start":{"line":88,"column":0},"end":{"line":88,"column":7}},"3":{"start":{"line":1,"column":0},"end":{"line":1,"column":36}},"4":{"start":{"line":2,"column":0},"end":{"line":2,"column":93}},"5":{"start":{"line":4,"column":65},"end":{"line":4,"column":69}},"6":{"start":{"line":8,"column":2},"end":{"line":27,"column":3}},"7":{"start":{"line":10,"column":24},"end":{"line":18,"column":6}},"8":{"start":{"line":19,"column":4},"end":{"line":25,"column":5}},"9":{"start":{"line":20,"column":6},"end":{"line":20,"column":33}},"10":{"start":{"line":24,"column":6},"end":{"line":24,"column":16}},"11":{"start":{"line":26,"column":4},"end":{"line":26,"column":23}},"12":{"start":{"line":30,"column":22},"end":{"line":30,"column":58}},"13":{"start":{"line":32,"column":22},"end":{"line":40,"column":4}},"14":{"start":{"line":41,"column":2},"end":{"line":46,"column":3}},"15":{"start":{"line":42,"column":4},"end":{"line":42,"column":31}},"16":{"start":{"line":47,"column":2},"end":{"line":47,"column":21}},"17":{"start":{"line":52,"column":2},"end":{"line":54,"column":3}},"18":{"start":{"line":53,"column":4},"end":{"line":53,"column":52}},"19":{"start":{"line":55,"column":22},"end":{"line":55,"column":44}},"20":{"start":{"line":56,"column":2},"end":{"line":63,"column":3}},"21":{"start":{"line":57,"column":17},"end":{"line":57,"column":84}},"22":{"start":{"line":58,"column":20},"end":{"line":58,"column":54}},"23":{"start":{"line":59,"column":4},"end":{"line":59,"column":80}},"24":{"start":{"line":60,"column":4},"end":{"line":60,"column":49}},"25":{"start":{"line":62,"column":4},"end":{"line":62,"column":14}},"26":{"start":{"line":67,"column":2},"end":{"line":69,"column":3}},"27":{"start":{"line":68,"column":4},"end":{"line":68,"column":45}},"28":{"start":{"line":70,"column":2},"end":{"line":70,"column":28}},"29":{"start":{"line":75,"column":21},"end":{"line":77,"column":52}},"30":{"start":{"line":78,"column":15},"end":{"line":83,"column":4}},"31":{"start":{"line":85,"column":2},"end":{"line":85,"column":68}},"32":{"start":{"line":89,"column":19},"end":{"line":89,"column":70}},"33":{"start":{"line":90,"column":19},"end":{"line":90,"column":82}},"34":{"start":{"line":91,"column":15},"end":{"line":96,"column":4}},"35":{"start":{"line":97,"column":2},"end":{"line":97,"column":64}}},"fnMap":{"0":{"name":"createTransporter","decl":{"start":{"line":6,"column":15},"end":{"line":6,"column":32}},"loc":{"start":{"line":6,"column":32},"end":{"line":48,"column":1}}},"1":{"name":"sendMail","decl":{"start":{"line":50,"column":22},"end":{"line":50,"column":30}},"loc":{"start":{"line":50,"column":72},"end":{"line":64,"column":1}}},"2":{"name":"getTransporter","decl":{"start":{"line":66,"column":15},"end":{"line":66,"column":29}},"loc":{"start":{"line":66,"column":29},"end":{"line":71,"column":1}}},"3":{"name":"sendConfirmationEmail","decl":{"start":{"line":74,"column":22},"end":{"line":74,"column":43}},"loc":{"start":{"line":74,"column":69},"end":{"line":86,"column":1}}},"4":{"name":"sendPasswordResetEmail","decl":{"start":{"line":88,"column":22},"end":{"line":88,"column":44}},"loc":{"start":{"line":88,"column":70},"end":{"line":98,"column":1}}}},"branchMap":{"0":{"loc":{"start":{"line":8,"column":2},"end":{"line":27,"column":3}},"type":"if","locations":[{"start":{"line":8,"column":2},"end":{"line":27,"column":3}},{"start":{},"end":{}}]},"1":{"loc":{"start":{"line":8,"column":6},"end":{"line":8,"column":44}},"type":"binary-expr","locations":[{"start":{"line":8,"column":6},"end":{"line":8,"column":31}},{"start":{"line":8,"column":35},"end":{"line":8,"column":44}}]},"2":{"loc":{"start":{"line":52,"column":2},"end":{"line":54,"column":3}},"type":"if","locations":[{"start":{"line":52,"column":2},"end":{"line":54,"column":3}},{"start":{},"end":{}}]},"3":{"loc":{"start":{"line":60,"column":31},"end":{"line":60,"column":46}},"type":"binary-expr","locations":[{"start":{"line":60,"column":31},"end":{"line":60,"column":38}},{"start":{"line":60,"column":42},"end":{"line":60,"column":46}}]},"4":{"loc":{"start":{"line":67,"column":2},"end":{"line":69,"column":3}},"type":"if","locations":[{"start":{"line":67,"column":2},"end":{"line":69,"column":3}},{"start":{},"end":{}}]},"5":{"loc":{"start":{"line":76,"column":4},"end":{"line":76,"column":null}},"type":"binary-expr","locations":[{"start":{"line":76,"column":4},"end":{"line":76,"column":23}},{"start":{"line":76,"column":27},"end":{"line":76,"column":null}}]},"6":{"loc":{"start":{"line":89,"column":19},"end":{"line":89,"column":70}},"type":"binary-expr","locations":[{"start":{"line":89,"column":19},"end":{"line":89,"column":43}},{"start":{"line":89,"column":47},"end":{"line":89,"column":70}}]}},"s":{"0":3,"1":3,"2":3,"3":3,"4":3,"5":3,"6":1,"7":0,"8":0,"9":0,"10":0,"11":0,"12":1,"13":1,"14":1,"15":1,"16":1,"17":1,"18":0,"19":1,"20":1,"21":1,"22":1,"23":1,"24":1,"25":0,"26":1,"27":1,"28":1,"29":0,"30":0,"31":0,"32":0,"33":0,"34":0,"35":0},"f":{"0":1,"1":1,"2":1,"3":0,"4":0},"b":{"0":[0,1],"1":[1,0],"2":[0,1],"3":[1,0],"4":[1,0],"5":[0,0],"6":[0,0]}}
,"C:\\Users\\12\\Desktop\\4 курс\\КРБ\\novel-platform\\backend\\src\\services\\notification.service.ts": {"path":"C:\\Users\\12\\Desktop\\4 курс\\КРБ\\novel-platform\\backend\\src\\services\\notification.service.ts","statementMap":{"0":{"start":{"line":14,"column":0},"end":{"line":14,"column":7}},"1":{"start":{"line":25,"column":0},"end":{"line":25,"column":7}},"2":{"start":{"line":51,"column":0},"end":{"line":51,"column":7}},"3":{"start":{"line":2,"column":0},"end":{"line":2,"column":38}},"4":{"start":{"line":15,"column":2},"end":{"line":15,"column":51}},"5":{"start":{"line":26,"column":2},"end":{"line":26,"column":62}},"6":{"start":{"line":26,"column":52},"end":{"line":26,"column":62}},"7":{"start":{"line":29,"column":17},"end":{"line":29,"column":51}},"8":{"start":{"line":31,"column":21},"end":{"line":31,"column":24}},"9":{"start":{"line":32,"column":2},"end":{"line":37,"column":3}},"10":{"start":{"line":32,"column":15},"end":{"line":32,"column":16}},"11":{"start":{"line":33,"column":18},"end":{"line":33,"column":49}},"12":{"start":{"line":34,"column":17},"end":{"line":34,"column":66}},"13":{"start":{"line":34,"column":37},"end":{"line":34,"column":64}},"14":{"start":{"line":36,"column":4},"end":{"line":36,"column":73}},"15":{"start":{"line":39,"column":2},"end":{"line":39,"column":14}},"16":{"start":{"line":58,"column":16},"end":{"line":58,"column":101}},"17":{"start":{"line":59,"column":2},"end":{"line":59,"column":27}},"18":{"start":{"line":59,"column":14},"end":{"line":59,"column":27}},"19":{"start":{"line":62,"column":25},"end":{"line":62,"column":103}},"20":{"start":{"line":63,"column":23},"end":{"line":63,"column":84}},"21":{"start":{"line":63,"column":47},"end":{"line":63,"column":55}},"22":{"start":{"line":66,"column":26},"end":{"line":66,"column":129}},"23":{"start":{"line":67,"column":29},"end":{"line":67,"column":95}},"24":{"start":{"line":67,"column":54},"end":{"line":67,"column":66}},"25":{"start":{"line":70,"column":24},"end":{"line":70,"column":41}},"26":{"start":{"line":71,"column":2},"end":{"line":71,"column":52}},"27":{"start":{"line":71,"column":29},"end":{"line":71,"column":50}},"28":{"start":{"line":72,"column":2},"end":{"line":72,"column":58}},"29":{"start":{"line":72,"column":35},"end":{"line":72,"column":56}},"30":{"start":{"line":73,"column":2},"end":{"line":73,"column":45}},"31":{"start":{"line":73,"column":15},"end":{"line":73,"column":45}},"32":{"start":{"line":75,"column":18},"end":{"line":75,"column":43}},"33":{"start":{"line":76,"column":2},"end":{"line":76,"column":41}},"34":{"start":{"line":76,"column":28},"end":{"line":76,"column":41}},"35":{"start":{"line":78,"column":2},"end":{"line":84,"column":5}},"36":{"start":{"line":86,"column":2},"end":{"line":86,"column":14}}},"fnMap":{"0":{"name":"createNotification","decl":{"start":{"line":14,"column":22},"end":{"line":14,"column":40}},"loc":{"start":{"line":14,"column":61},"end":{"line":16,"column":1}}},"1":{"name":"bulkCreateNotifications","decl":{"start":{"line":25,"column":22},"end":{"line":25,"column":45}},"loc":{"start":{"line":25,"column":111},"end":{"line":40,"column":1}}},"2":{"name":"(anonymous_3)","decl":{"start":{"line":34,"column":27},"end":{"line":34,"column":28}},"loc":{"start":{"line":34,"column":37},"end":{"line":34,"column":64}}},"3":{"name":"notifyNovelAndAuthorFollowers","decl":{"start":{"line":51,"column":22},"end":{"line":51,"column":51}},"loc":{"start":{"line":55,"column":52},"end":{"line":87,"column":1}}},"4":{"name":"(anonymous_5)","decl":{"start":{"line":63,"column":42},"end":{"line":63,"column":43}},"loc":{"start":{"line":63,"column":47},"end":{"line":63,"column":55}}},"5":{"name":"(anonymous_6)","decl":{"start":{"line":67,"column":49},"end":{"line":67,"column":50}},"loc":{"start":{"line":67,"column":54},"end":{"line":67,"column":66}}},"6":{"name":"(anonymous_7)","decl":{"start":{"line":71,"column":23},"end":{"line":71,"column":25}},"loc":{"start":{"line":71,"column":29},"end":{"line":71,"column":50}}},"7":{"name":"(anonymous_8)","decl":{"start":{"line":72,"column":29},"end":{"line":72,"column":31}},"loc":{"start":{"line":72,"column":35},"end":{"line":72,"column":56}}}},"branchMap":{"0":{"loc":{"start":{"line":26,"column":2},"end":{"line":26,"column":62}},"type":"if","locations":[{"start":{"line":26,"column":2},"end":{"line":26,"column":62}},{"start":{},"end":{}}]},"1":{"loc":{"start":{"line":26,"column":6},"end":{"line":26,"column":50}},"type":"binary-expr","locations":[{"start":{"line":26,"column":6},"end":{"line":26,"column":20}},{"start":{"line":26,"column":24},"end":{"line":26,"column":50}}]},"2":{"loc":{"start":{"line":59,"column":2},"end":{"line":59,"column":27}},"type":"if","locations":[{"start":{"line":59,"column":2},"end":{"line":59,"column":27}},{"start":{},"end":{}}]},"3":{"loc":{"start":{"line":73,"column":2},"end":{"line":73,"column":45}},"type":"if","locations":[{"start":{"line":73,"column":2},"end":{"line":73,"column":45}},{"start":{},"end":{}}]},"4":{"loc":{"start":{"line":76,"column":2},"end":{"line":76,"column":41}},"type":"if","locations":[{"start":{"line":76,"column":2},"end":{"line":76,"column":41}},{"start":{},"end":{}}]},"5":{"loc":{"start":{"line":80,"column":16},"end":{"line":80,"column":44}},"type":"binary-expr","locations":[{"start":{"line":80,"column":16},"end":{"line":80,"column":33}},{"start":{"line":80,"column":37},"end":{"line":80,"column":44}}]},"6":{"loc":{"start":{"line":81,"column":14},"end":{"line":81,"column":40}},"type":"binary-expr","locations":[{"start":{"line":81,"column":14},"end":{"line":81,"column":29}},{"start":{"line":81,"column":33},"end":{"line":81,"column":40}}]},"7":{"loc":{"start":{"line":82,"column":13},"end":{"line":82,"column":28}},"type":"binary-expr","locations":[{"start":{"line":82,"column":13},"end":{"line":82,"column":20}},{"start":{"line":82,"column":24},"end":{"line":82,"column":28}}]}},"s":{"0":2,"1":2,"2":2,"3":2,"4":0,"5":0,"6":0,"7":0,"8":0,"9":0,"10":0,"11":0,"12":0,"13":0,"14":0,"15":0,"16":0,"17":0,"18":0,"19":0,"20":0,"21":0,"22":0,"23":0,"24":0,"25":0,"26":0,"27":0,"28":0,"29":0,"30":0,"31":0,"32":0,"33":0,"34":0,"35":0,"36":0},"f":{"0":0,"1":0,"2":0,"3":0,"4":0,"5":0,"6":0,"7":0},"b":{"0":[0,0],"1":[0,0],"2":[0,0],"3":[0,0],"4":[0,0],"5":[0,0],"6":[0,0],"7":[0,0]}}
,"C:\\Users\\12\\Desktop\\4 курс\\КРБ\\novel-platform\\backend\\src\\services\\profile.service.ts": {"path":"C:\\Users\\12\\Desktop\\4 курс\\КРБ\\novel-platform\\backend\\src\\services\\profile.service.ts","statementMap":{"0":{"start":{"line":4,"column":0},"end":{"line":4,"column":7}},"1":{"start":{"line":21,"column":0},"end":{"line":21,"column":7}},"2":{"start":{"line":51,"column":0},"end":{"line":51,"column":7}},"3":{"start":{"line":2,"column":0},"end":{"line":2,"column":38}},"4":{"start":{"line":5,"column":15},"end":{"line":17,"column":4}},"5":{"start":{"line":18,"column":2},"end":{"line":18,"column":22}},"6":{"start":{"line":22,"column":24},"end":{"line":22,"column":26}},"7":{"start":{"line":23,"column":2},"end":{"line":23,"column":87}},"8":{"start":{"line":23,"column":47},"end":{"line":23,"column":87}},"9":{"start":{"line":24,"column":2},"end":{"line":24,"column":81}},"10":{"start":{"line":24,"column":45},"end":{"line":24,"column":81}},"11":{"start":{"line":26,"column":18},"end":{"line":39,"column":4}},"12":{"start":{"line":40,"column":2},"end":{"line":40,"column":17}},"13":{"start":{"line":52,"column":2},"end":{"line":173,"column":3}},"14":{"start":{"line":54,"column":4},"end":{"line":58,"column":5}},"15":{"start":{"line":55,"column":23},"end":{"line":55,"column":45}},"16":{"start":{"line":56,"column":6},"end":{"line":56,"column":29}},"17":{"start":{"line":57,"column":6},"end":{"line":57,"column":16}},"18":{"start":{"line":61,"column":23},"end":{"line":61,"column":100}},"19":{"start":{"line":62,"column":4},"end":{"line":62,"column":72}},"20":{"start":{"line":62,"column":21},"end":{"line":62,"column":72}},"21":{"start":{"line":65,"column":19},"end":{"line":65,"column":101}},"22":{"start":{"line":66,"column":21},"end":{"line":66,"column":42}},"23":{"start":{"line":66,"column":37},"end":{"line":66,"column":41}},"24":{"start":{"line":67,"column":31},"end":{"line":67,"column":33}},"25":{"start":{"line":68,"column":4},"end":{"line":71,"column":5}},"26":{"start":{"line":69,"column":23},"end":{"line":69,"column":116}},"27":{"start":{"line":70,"column":6},"end":{"line":70,"column":43}},"28":{"start":{"line":70,"column":37},"end":{"line":70,"column":41}},"29":{"start":{"line":74,"column":25},"end":{"line":74,"column":99}},"30":{"start":{"line":75,"column":27},"end":{"line":75,"column":54}},"31":{"start":{"line":75,"column":49},"end":{"line":75,"column":53}},"32":{"start":{"line":78,"column":23},"end":{"line":78,"column":25}},"33":{"start":{"line":81,"column":4},"end":{"line":81,"column":99}},"34":{"start":{"line":84,"column":4},"end":{"line":84,"column":67}},"35":{"start":{"line":87,"column":4},"end":{"line":87,"column":62}},"36":{"start":{"line":88,"column":4},"end":{"line":88,"column":62}},"37":{"start":{"line":91,"column":4},"end":{"line":91,"column":110}},"38":{"start":{"line":94,"column":4},"end":{"line":101,"column":5}},"39":{"start":{"line":95,"column":6},"end":{"line":98,"column":10}},"40":{"start":{"line":100,"column":6},"end":{"line":100,"column":85}},"41":{"start":{"line":104,"column":4},"end":{"line":104,"column":74}},"42":{"start":{"line":107,"column":4},"end":{"line":107,"column":104}},"43":{"start":{"line":110,"column":4},"end":{"line":125,"column":5}},"44":{"start":{"line":112,"column":6},"end":{"line":112,"column":84}},"45":{"start":{"line":115,"column":6},"end":{"line":115,"column":83}},"46":{"start":{"line":118,"column":6},"end":{"line":118,"column":83}},"47":{"start":{"line":121,"column":6},"end":{"line":121,"column":85}},"48":{"start":{"line":124,"column":6},"end":{"line":124,"column":88}},"49":{"start":{"line":128,"column":4},"end":{"line":134,"column":5}},"50":{"start":{"line":130,"column":6},"end":{"line":130,"column":88}},"51":{"start":{"line":133,"column":6},"end":{"line":133,"column":92}},"52":{"start":{"line":137,"column":4},"end":{"line":145,"column":5}},"53":{"start":{"line":138,"column":35},"end":{"line":138,"column":37}},"54":{"start":{"line":139,"column":6},"end":{"line":139,"column":118}},"55":{"start":{"line":139,"column":31},"end":{"line":139,"column":118}},"56":{"start":{"line":140,"column":6},"end":{"line":140,"column":124}},"57":{"start":{"line":140,"column":33},"end":{"line":140,"column":124}},"58":{"start":{"line":141,"column":6},"end":{"line":143,"column":7}},"59":{"start":{"line":142,"column":8},"end":{"line":142,"column":77}},"60":{"start":{"line":148,"column":4},"end":{"line":153,"column":5}},"61":{"start":{"line":149,"column":6},"end":{"line":151,"column":7}},"62":{"start":{"line":150,"column":8},"end":{"line":150,"column":83}},"63":{"start":{"line":152,"column":6},"end":{"line":152,"column":77}},"64":{"start":{"line":156,"column":4},"end":{"line":156,"column":60}},"65":{"start":{"line":159,"column":4},"end":{"line":159,"column":35}},"66":{"start":{"line":164,"column":4},"end":{"line":164,"column":29}},"67":{"start":{"line":166,"column":4},"end":{"line":169,"column":5}},"68":{"start":{"line":168,"column":6},"end":{"line":168,"column":16}},"69":{"start":{"line":171,"column":4},"end":{"line":171,"column":64}},"70":{"start":{"line":172,"column":4},"end":{"line":172,"column":77}}},"fnMap":{"0":{"name":"getProfileById","decl":{"start":{"line":4,"column":22},"end":{"line":4,"column":36}},"loc":{"start":{"line":4,"column":47},"end":{"line":19,"column":1}}},"1":{"name":"updateProfile","decl":{"start":{"line":21,"column":22},"end":{"line":21,"column":35}},"loc":{"start":{"line":21,"column":116},"end":{"line":41,"column":1}}},"2":{"name":"deleteProfileAndAllData","decl":{"start":{"line":51,"column":22},"end":{"line":51,"column":45}},"loc":{"start":{"line":51,"column":97},"end":{"line":174,"column":1}}},"3":{"name":"(anonymous_4)","decl":{"start":{"line":66,"column":32},"end":{"line":66,"column":33}},"loc":{"start":{"line":66,"column":37},"end":{"line":66,"column":41}}},"4":{"name":"(anonymous_5)","decl":{"start":{"line":70,"column":32},"end":{"line":70,"column":33}},"loc":{"start":{"line":70,"column":37},"end":{"line":70,"column":41}}},"5":{"name":"(anonymous_6)","decl":{"start":{"line":75,"column":44},"end":{"line":75,"column":45}},"loc":{"start":{"line":75,"column":49},"end":{"line":75,"column":53}}}},"branchMap":{"0":{"loc":{"start":{"line":18,"column":9},"end":{"line":18,"column":21}},"type":"binary-expr","locations":[{"start":{"line":18,"column":9},"end":{"line":18,"column":13}},{"start":{"line":18,"column":17},"end":{"line":18,"column":21}}]},"1":{"loc":{"start":{"line":23,"column":2},"end":{"line":23,"column":87}},"type":"if","locations":[{"start":{"line":23,"column":2},"end":{"line":23,"column":87}},{"start":{},"end":{}}]},"2":{"loc":{"start":{"line":24,"column":2},"end":{"line":24,"column":81}},"type":"if","locations":[{"start":{"line":24,"column":2},"end":{"line":24,"column":81}},{"start":{},"end":{}}]},"3":{"loc":{"start":{"line":54,"column":4},"end":{"line":58,"column":5}},"type":"if","locations":[{"start":{"line":54,"column":4},"end":{"line":58,"column":5}},{"start":{},"end":{}}]},"4":{"loc":{"start":{"line":54,"column":10},"end":{"line":54,"column":66}},"type":"binary-expr","locations":[{"start":{"line":54,"column":10},"end":{"line":54,"column":15}},{"start":{"line":54,"column":20},"end":{"line":54,"column":39}},{"start":{"line":54,"column":43},"end":{"line":54,"column":65}}]},"5":{"loc":{"start":{"line":62,"column":4},"end":{"line":62,"column":72}},"type":"if","locations":[{"start":{"line":62,"column":4},"end":{"line":62,"column":72}},{"start":{},"end":{}}]},"6":{"loc":{"start":{"line":68,"column":4},"end":{"line":71,"column":5}},"type":"if","locations":[{"start":{"line":68,"column":4},"end":{"line":71,"column":5}},{"start":{},"end":{}}]},"7":{"loc":{"start":{"line":94,"column":4},"end":{"line":101,"column":5}},"type":"if","locations":[{"start":{"line":94,"column":4},"end":{"line":101,"column":5}},{"start":{},"end":{}}]},"8":{"loc":{"start":{"line":110,"column":4},"end":{"line":125,"column":5}},"type":"if","locations":[{"start":{"line":110,"column":4},"end":{"line":125,"column":5}},{"start":{},"end":{}}]},"9":{"loc":{"start":{"line":128,"column":4},"end":{"line":134,"column":5}},"type":"if","locations":[{"start":{"line":128,"column":4},"end":{"line":134,"column":5}},{"start":{},"end":{}}]},"10":{"loc":{"start":{"line":137,"column":4},"end":{"line":145,"column":5}},"type":"if","locations":[{"start":{"line":137,"column":4},"end":{"line":145,"column":5}},{"start":{},"end":{}}]},"11":{"loc":{"start":{"line":137,"column":8},"end":{"line":137,"column":52}},"type":"binary-expr","locations":[{"start":{"line":137,"column":8},"end":{"line":137,"column":27}},{"start":{"line":137,"column":31},"end":{"line":137,"column":52}}]},"12":{"loc":{"start":{"line":139,"column":6},"end":{"line":139,"column":118}},"type":"if","locations":[{"start":{"line":139,"column":6},"end":{"line":139,"column":118}},{"start":{},"end":{}}]},"13":{"loc":{"start":{"line":140,"column":6},"end":{"line":140,"column":124}},"type":"if","locations":[{"start":{"line":140,"column":6},"end":{"line":140,"column":124}},{"start":{},"end":{}}]},"14":{"loc":{"start":{"line":141,"column":6},"end":{"line":143,"column":7}},"type":"if","locations":[{"start":{"line":141,"column":6},"end":{"line":143,"column":7}},{"start":{},"end":{}}]},"15":{"loc":{"start":{"line":148,"column":4},"end":{"line":153,"column":5}},"type":"if","locations":[{"start":{"line":148,"column":4},"end":{"line":153,"column":5}},{"start":{},"end":{}}]},"16":{"loc":{"start":{"line":149,"column":6},"end":{"line":151,"column":7}},"type":"if","locations":[{"start":{"line":149,"column":6},"end":{"line":151,"column":7}},{"start":{},"end":{}}]},"17":{"loc":{"start":{"line":166,"column":4},"end":{"line":169,"column":5}},"type":"if","locations":[{"start":{"line":166,"column":4},"end":{"line":169,"column":5}},{"start":{},"end":{}}]},"18":{"loc":{"start":{"line":172,"column":36},"end":{"line":172,"column":74}},"type":"binary-expr","locations":[{"start":{"line":172,"column":36},"end":{"line":172,"column":47}},{"start":{"line":172,"column":51},"end":{"line":172,"column":74}}]}},"s":{"0":1,"1":1,"2":1,"3":1,"4":0,"5":0,"6":0,"7":0,"8":0,"9":0,"10":0,"11":0,"12":0,"13":3,"14":3,"15":1,"16":1,"17":1,"18":2,"19":2,"20":0,"21":2,"22":2,"23":0,"24":2,"25":2,"26":0,"27":0,"28":0,"29":2,"30":2,"31":0,"32":2,"33":2,"34":2,"35":2,"36":2,"37":2,"38":2,"39":0,"40":0,"41":2,"42":2,"43":2,"44":0,"45":0,"46":0,"47":0,"48":0,"49":2,"50":0,"51":0,"52":2,"53":0,"54":0,"55":0,"56":0,"57":0,"58":0,"59":0,"60":2,"61":0,"62":0,"63":0,"64":2,"65":2,"66":2,"67":1,"68":1,"69":0,"70":0},"f":{"0":0,"1":0,"2":3,"3":0,"4":0,"5":0},"b":{"0":[0,0],"1":[0,0],"2":[0,0],"3":[1,2],"4":[3,3,2],"5":[0,2],"6":[0,2],"7":[0,2],"8":[0,2],"9":[0,2],"10":[0,2],"11":[2,2],"12":[0,0],"13":[0,0],"14":[0,0],"15":[0,2],"16":[0,0],"17":[1,0],"18":[0,0]}}
,"C:\\Users\\12\\Desktop\\4 курс\\КРБ\\novel-platform\\backend\\src\\services\\publish.service.ts": {"path":"C:\\Users\\12\\Desktop\\4 курс\\КРБ\\novel-platform\\backend\\src\\services\\publish.service.ts","statementMap":{"0":{"start":{"line":49,"column":0},"end":{"line":49,"column":7}},"1":{"start":{"line":112,"column":0},"end":{"line":112,"column":7}},"2":{"start":{"line":2,"column":0},"end":{"line":2,"column":38}},"3":{"start":{"line":3,"column":0},"end":{"line":3,"column":62}},"4":{"start":{"line":4,"column":0},"end":{"line":4,"column":43}},"5":{"start":{"line":5,"column":0},"end":{"line":5,"column":33}},"6":{"start":{"line":11,"column":2},"end":{"line":15,"column":3}},"7":{"start":{"line":12,"column":4},"end":{"line":12,"column":48}},"8":{"start":{"line":12,"column":39},"end":{"line":12,"column":48}},"9":{"start":{"line":13,"column":14},"end":{"line":13,"column":23}},"10":{"start":{"line":14,"column":4},"end":{"line":14,"column":35}},"11":{"start":{"line":14,"column":26},"end":{"line":14,"column":35}},"12":{"start":{"line":16,"column":2},"end":{"line":16,"column":11}},"13":{"start":{"line":19,"column":24},"end":{"line":19,"column":92}},"14":{"start":{"line":20,"column":21},"end":{"line":20,"column":80}},"15":{"start":{"line":21,"column":31},"end":{"line":21,"column":119}},"16":{"start":{"line":22,"column":29},"end":{"line":22,"column":106}},"17":{"start":{"line":28,"column":2},"end":{"line":28,"column":22}},"18":{"start":{"line":28,"column":13},"end":{"line":28,"column":22}},"19":{"start":{"line":29,"column":18},"end":{"line":29,"column":45}},"20":{"start":{"line":30,"column":2},"end":{"line":30,"column":37}},"21":{"start":{"line":30,"column":28},"end":{"line":30,"column":37}},"22":{"start":{"line":31,"column":17},"end":{"line":31,"column":18}},"23":{"start":{"line":32,"column":2},"end":{"line":34,"column":3}},"24":{"start":{"line":33,"column":4},"end":{"line":33,"column":52}},"25":{"start":{"line":33,"column":41},"end":{"line":33,"column":52}},"26":{"start":{"line":35,"column":2},"end":{"line":35,"column":35}},"27":{"start":{"line":50,"column":16},"end":{"line":58,"column":4}},"28":{"start":{"line":59,"column":2},"end":{"line":59,"column":93}},"29":{"start":{"line":59,"column":14},"end":{"line":59,"column":93}},"30":{"start":{"line":61,"column":28},"end":{"line":61,"column":30}},"31":{"start":{"line":62,"column":23},"end":{"line":62,"column":25}},"32":{"start":{"line":65,"column":23},"end":{"line":65,"column":80}},"33":{"start":{"line":66,"column":2},"end":{"line":69,"column":3}},"34":{"start":{"line":67,"column":4},"end":{"line":67,"column":33}},"35":{"start":{"line":68,"column":4},"end":{"line":68,"column":75}},"36":{"start":{"line":73,"column":4},"end":{"line":75,"column":138}},"37":{"start":{"line":75,"column":73},"end":{"line":75,"column":129}},"38":{"start":{"line":77,"column":2},"end":{"line":80,"column":3}},"39":{"start":{"line":78,"column":4},"end":{"line":78,"column":36}},"40":{"start":{"line":79,"column":4},"end":{"line":79,"column":78}},"41":{"start":{"line":84,"column":2},"end":{"line":86,"column":3}},"42":{"start":{"line":85,"column":4},"end":{"line":85,"column":107}},"43":{"start":{"line":89,"column":21},"end":{"line":89,"column":126}},"44":{"start":{"line":90,"column":19},"end":{"line":90,"column":118}},"45":{"start":{"line":92,"column":2},"end":{"line":95,"column":3}},"46":{"start":{"line":93,"column":4},"end":{"line":93,"column":29}},"47":{"start":{"line":94,"column":4},"end":{"line":94,"column":57}},"48":{"start":{"line":96,"column":2},"end":{"line":99,"column":3}},"49":{"start":{"line":97,"column":4},"end":{"line":97,"column":27}},"50":{"start":{"line":98,"column":4},"end":{"line":98,"column":53}},"51":{"start":{"line":101,"column":13},"end":{"line":101,"column":33}},"52":{"start":{"line":102,"column":2},"end":{"line":102,"column":34}},"53":{"start":{"line":113,"column":16},"end":{"line":120,"column":4}},"54":{"start":{"line":122,"column":2},"end":{"line":122,"column":93}},"55":{"start":{"line":122,"column":14},"end":{"line":122,"column":93}},"56":{"start":{"line":124,"column":2},"end":{"line":126,"column":3}},"57":{"start":{"line":125,"column":4},"end":{"line":125,"column":89}},"58":{"start":{"line":128,"column":2},"end":{"line":128,"column":101}},"59":{"start":{"line":128,"column":34},"end":{"line":128,"column":101}},"60":{"start":{"line":131,"column":21},"end":{"line":131,"column":126}},"61":{"start":{"line":132,"column":19},"end":{"line":132,"column":118}},"62":{"start":{"line":134,"column":35},"end":{"line":134,"column":37}},"63":{"start":{"line":135,"column":30},"end":{"line":135,"column":32}},"64":{"start":{"line":136,"column":2},"end":{"line":139,"column":3}},"65":{"start":{"line":137,"column":4},"end":{"line":137,"column":36}},"66":{"start":{"line":138,"column":4},"end":{"line":138,"column":64}},"67":{"start":{"line":140,"column":2},"end":{"line":143,"column":3}},"68":{"start":{"line":141,"column":4},"end":{"line":141,"column":34}},"69":{"start":{"line":142,"column":4},"end":{"line":142,"column":60}},"70":{"start":{"line":144,"column":2},"end":{"line":155,"column":3}},"71":{"start":{"line":145,"column":4},"end":{"line":148,"column":7}},"72":{"start":{"line":149,"column":4},"end":{"line":154,"column":6}},"73":{"start":{"line":158,"column":27},"end":{"line":158,"column":28}},"74":{"start":{"line":159,"column":2},"end":{"line":167,"column":3}},"75":{"start":{"line":160,"column":4},"end":{"line":160,"column":41}},"76":{"start":{"line":162,"column":16},"end":{"line":165,"column":6}},"77":{"start":{"line":166,"column":4},"end":{"line":166,"column":49}},"78":{"start":{"line":169,"column":2},"end":{"line":180,"column":3}},"79":{"start":{"line":170,"column":4},"end":{"line":173,"column":7}},"80":{"start":{"line":174,"column":4},"end":{"line":179,"column":6}},"81":{"start":{"line":183,"column":2},"end":{"line":206,"column":3}},"82":{"start":{"line":184,"column":20},"end":{"line":187,"column":6}},"83":{"start":{"line":190,"column":4},"end":{"line":200,"column":5}},"84":{"start":{"line":191,"column":22},"end":{"line":191,"column":65}},"85":{"start":{"line":192,"column":19},"end":{"line":194,"column":25}},"86":{"start":{"line":195,"column":6},"end":{"line":199,"column":7}},"87":{"start":{"line":196,"column":8},"end":{"line":196,"column":58}},"88":{"start":{"line":198,"column":8},"end":{"line":198,"column":56}},"89":{"start":{"line":202,"column":4},"end":{"line":202,"column":87}},"90":{"start":{"line":204,"column":4},"end":{"line":204,"column":67}},"91":{"start":{"line":205,"column":4},"end":{"line":205,"column":89}}},"fnMap":{"0":{"name":"getEnvNumber","decl":{"start":{"line":10,"column":9},"end":{"line":10,"column":21}},"loc":{"start":{"line":10,"column":41},"end":{"line":17,"column":1}}},"1":{"name":"cyrillicRatio","decl":{"start":{"line":27,"column":9},"end":{"line":27,"column":22}},"loc":{"start":{"line":27,"column":35},"end":{"line":36,"column":1}}},"2":{"name":"runPrePublishChecks","decl":{"start":{"line":49,"column":22},"end":{"line":49,"column":41}},"loc":{"start":{"line":49,"column":57},"end":{"line":103,"column":1}}},"3":{"name":"(anonymous_13)","decl":{"start":{"line":75,"column":63},"end":{"line":75,"column":64}},"loc":{"start":{"line":75,"column":73},"end":{"line":75,"column":129}}},"4":{"name":"attemptPublish","decl":{"start":{"line":112,"column":22},"end":{"line":112,"column":36}},"loc":{"start":{"line":112,"column":69},"end":{"line":207,"column":1}}}},"branchMap":{"0":{"loc":{"start":{"line":12,"column":4},"end":{"line":12,"column":48}},"type":"if","locations":[{"start":{"line":12,"column":4},"end":{"line":12,"column":48}},{"start":{},"end":{}}]},"1":{"loc":{"start":{"line":12,"column":8},"end":{"line":12,"column":37}},"type":"binary-expr","locations":[{"start":{"line":12,"column":8},"end":{"line":12,"column":23}},{"start":{"line":12,"column":27},"end":{"line":12,"column":37}}]},"2":{"loc":{"start":{"line":14,"column":4},"end":{"line":14,"column":35}},"type":"if","locations":[{"start":{"line":14,"column":4},"end":{"line":14,"column":35}},{"start":{},"end":{}}]},"3":{"loc":{"start":{"line":21,"column":32},"end":{"line":21,"column":107}},"type":"binary-expr","locations":[{"start":{"line":21,"column":32},"end":{"line":21,"column":58}},{"start":{"line":21,"column":62},"end":{"line":21,"column":96}},{"start":{"line":21,"column":100},"end":{"line":21,"column":107}}]},"4":{"loc":{"start":{"line":28,"column":2},"end":{"line":28,"column":22}},"type":"if","locations":[{"start":{"line":28,"column":2},"end":{
[...]
rt":{"line":49,"column":74},"end":{"line":49,"column":78}}]},"6":{"loc":{"start":{"line":53,"column":2},"end":{"line":65,"column":3}},"type":"if","locations":[{"start":{"line":53,"column":2},"end":{"line":65,"column":3}},{"start":{"line":56,"column":9},"end":{"line":65,"column":3}}]},"7":{"loc":{"start":{"line":55,"column":4},"end":{"line":55,"column":92}},"type":"if","locations":[{"start":{"line":55,"column":4},"end":{"line":55,"column":92}},{"start":{},"end":{}}]},"8":{"loc":{"start":{"line":56,"column":9},"end":{"line":65,"column":3}},"type":"if","locations":[{"start":{"line":56,"column":9},"end":{"line":65,"column":3}},{"start":{"line":59,"column":9},"end":{"line":65,"column":3}}]},"9":{"loc":{"start":{"line":58,"column":4},"end":{"line":58,"column":95}},"type":"if","locations":[{"start":{"line":58,"column":4},"end":{"line":58,"column":95}},{"start":{},"end":{}}]},"10":{"loc":{"start":{"line":59,"column":9},"end":{"line":65,"column":3}},"type":"if","locations":[{"start":{"line":59,"column":9},"end":{"line":65,"column":3}},{"start":{"line":62,"column":9},"end":{"line":65,"column":3}}]},"11":{"loc":{"start":{"line":61,"column":4},"end":{"line":61,"column":94}},"type":"if","locations":[{"start":{"line":61,"column":4},"end":{"line":61,"column":94}},{"start":{},"end":{}}]},"12":{"loc":{"start":{"line":62,"column":9},"end":{"line":65,"column":3}},"type":"if","locations":[{"start":{"line":62,"column":9},"end":{"line":65,"column":3}},{"start":{},"end":{}}]},"13":{"loc":{"start":{"line":64,"column":4},"end":{"line":64,"column":91}},"type":"if","locations":[{"start":{"line":64,"column":4},"end":{"line":64,"column":91}},{"start":{},"end":{}}]},"14":{"loc":{"start":{"line":69,"column":31},"end":{"line":69,"column":57}},"type":"binary-expr","locations":[{"start":{"line":69,"column":31},"end":{"line":69,"column":51}},{"start":{"line":69,"column":55},"end":{"line":69,"column":57}}]},"15":{"loc":{"start":{"line":70,"column":32},"end":{"line":70,"column":65}},"type":"binary-expr","locations":[{"start":{"line":70,"column":32},"end":{"line":70,"column":59}},{"start":{"line":70,"column":63},"end":{"line":70,"column":65}}]},"16":{"loc":{"start":{"line":72,"column":4},"end":{"line":85,"column":5}},"type":"if","locations":[{"start":{"line":72,"column":4},"end":{"line":85,"column":5}},{"start":{},"end":{}}]},"17":{"loc":{"start":{"line":80,"column":6},"end":{"line":84,"column":7}},"type":"if","locations":[{"start":{"line":80,"column":6},"end":{"line":84,"column":7}},{"start":{},"end":{}}]},"18":{"loc":{"start":{"line":94,"column":30},"end":{"line":94,"column":63}},"type":"binary-expr","locations":[{"start":{"line":94,"column":30},"end":{"line":94,"column":58}},{"start":{"line":94,"column":62},"end":{"line":94,"column":63}}]},"19":{"loc":{"start":{"line":95,"column":4},"end":{"line":109,"column":5}},"type":"if","locations":[{"start":{"line":95,"column":4},"end":{"line":109,"column":5}},{"start":{},"end":{}}]},"20":{"loc":{"start":{"line":104,"column":6},"end":{"line":108,"column":7}},"type":"if","locations":[{"start":{"line":104,"column":6},"end":{"line":108,"column":7}},{"start":{},"end":{}}]},"21":{"loc":{"start":{"line":125,"column":4},"end":{"line":129,"column":5}},"type":"if","locations":[{"start":{"line":125,"column":4},"end":{"line":129,"column":5}},{"start":{},"end":{}}]},"22":{"loc":{"start":{"line":156,"column":34},"end":{"line":156,"column":63}},"type":"default-arg","locations":[{"start":{"line":156,"column":61},"end":{"line":156,"column":63}}]},"23":{"loc":{"start":{"line":157,"column":24},"end":{"line":157,"column":38}},"type":"binary-expr","locations":[{"start":{"line":157,"column":24},"end":{"line":157,"column":33}},{"start":{"line":157,"column":37},"end":{"line":157,"column":38}}]},"24":{"loc":{"start":{"line":158,"column":38},"end":{"line":158,"column":54}},"type":"binary-expr","locations":[{"start":{"line":158,"column":38},"end":{"line":158,"column":48}},{"start":{"line":158,"column":52},"end":{"line":158,"column":54}}]},"25":{"loc":{"start":{"line":162,"column":2},"end":{"line":162,"column":46}},"type":"if","locations":[{"start":{"line":162,"column":2},"end":{"line":162,"column":46}},{"start":{},"end":{}}]},"26":{"loc":{"start":{"line":163,"column":2},"end":{"line":163,"column":58}},"type":"if","locations":[{"start":{"line":163,"column":2},"end":{"line":163,"column":58}},{"start":{},"end":{}}]},"27":{"loc":{"start":{"line":164,"column":2},"end":{"line":164,"column":60}},"type":"if","locations":[{"start":{"line":164,"column":2},"end":{"line":164,"column":60}},{"start":{},"end":{}}]},"28":{"loc":{"start":{"line":206,"column":2},"end":{"line":206,"column":91}},"type":"if","locations":[{"start":{"line":206,"column":2},"end":{"line":206,"column":91}},{"start":{},"end":{}}]},"29":{"loc":{"start":{"line":208,"column":2},"end":{"line":210,"column":3}},"type":"if","locations":[{"start":{"line":208,"column":2},"end":{"line":210,"column":3}},{"start":{},"end":{}}]},"30":{"loc":{"start":{"line":208,"column":6},"end":{"line":208,"column":67}},"type":"binary-expr","locations":[{"start":{"line":208,"column":6},"end":{"line":208,"column":31}},{"start":{"line":208,"column":35},"end":{"line":208,"column":67}}]},"31":{"loc":{"start":{"line":213,"column":22},"end":{"line":213,"column":79}},"type":"cond-expr","locations":[{"start":{"line":213,"column":50},"end":{"line":213,"column":61}},{"start":{"line":213,"column":64},"end":{"line":213,"column":79}}]},"32":{"loc":{"start":{"line":220,"column":24},"end":{"line":220,"column":117}},"type":"cond-expr","locations":[{"start":{"line":220,"column":68},"end":{"line":220,"column":89}},{"start":{"line":220,"column":92},"end":{"line":220,"column":117}}]},"33":{"loc":{"start":{"line":222,"column":19},"end":{"line":222,"column":97}},"type":"cond-expr","locations":[{"start":{"line":222,"column":58},"end":{"line":222,"column":74}},{"start":{"line":222,"column":77},"end":{"line":222,"column":97}}]},"34":{"loc":{"start":{"line":223,"column":23},"end":{"line":223,"column":113}},"type":"cond-expr","locations":[{"start":{"line":223,"column":66},"end":{"line":223,"column":86}},{"start":{"line":223,"column":89},"end":{"line":223,"column":113}}]}},"s":{"0":2,"1":2,"2":2,"3":2,"4":2,"5":2,"6":2,"7":2,"8":2,"9":0,"10":0,"11":0,"12":2,"13":0,"14":0,"15":0,"16":2,"17":0,"18":0,"19":0,"20":2,"21":2,"22":2,"23":2,"24":2,"25":2,"26":1,"27":0,"28":0,"29":0,"30":0,"31":0,"32":0,"33":0,"34":0,"35":0,"36":0,"37":0,"38":0,"39":1,"40":1,"41":1,"42":1,"43":1,"44":1,"45":1,"46":0,"47":0,"48":0,"49":0,"50":1,"51":1,"52":1,"53":1,"54":1,"55":1,"56":1,"57":0,"58":0,"59":0,"60":0,"61":1,"62":1,"63":1,"64":0,"65":0,"66":0,"67":0,"68":1,"69":1,"70":0,"71":0,"72":0,"73":0,"74":0,"75":0,"76":0,"77":0,"78":0,"79":0,"80":0,"81":0,"82":0,"83":0,"84":0,"85":0,"86":0,"87":0,"88":0,"89":0,"90":0,"91":0},"f":{"0":2,"1":0,"2":0,"3":0},"b":{"0":[0,2],"1":[0,2],"2":[2,2],"3":[0,2],"4":[2,2],"5":[0,2],"6":[2,0],"7":[1,1],"8":[0,0],"9":[0,0],"10":[0,0],"11":[0,0],"12":[0,0],"13":[0,0],"14":[1,0],"15":[1,0],"16":[1,0],"17":[0,1],"18":[1,0],"19":[1,0],"20":[0,1],"21":[0,1],"22":[0],"23":[0,0],"24":[0,0],"25":[0,0],"26":[0,0],"27":[0,0],"28":[0,0],"29":[0,0],"30":[0,0],"31":[0,0],"32":[0,0],"33":[0,0],"34":[0,0]}}
,"C:\\Users\\12\\Desktop\\4 курс\\КРБ\\novel-platform\\backend\\src\\utils\\crypto.ts": {"path":"C:\\Users\\12\\Desktop\\4 курс\\КРБ\\novel-platform\\backend\\src\\utils\\crypto.ts","statementMap":{"0":{"start":{"line":6,"column":0},"end":{"line":6,"column":16}},"1":{"start":{"line":14,"column":0},"end":{"line":14,"column":16}},"2":{"start":{"line":1,"column":0},"end":{"line":1,"column":28}},"3":{"start":{"line":7,"column":2},"end":{"line":7,"column":52}},"4":{"start":{"line":15,"column":2},"end":{"line":15,"column":65}}},"fnMap":{"0":{"name":"generateToken","decl":{"start":{"line":6,"column":16},"end":{"line":6,"column":29}},"loc":{"start":{"line":6,"column":44},"end":{"line":8,"column":1}}},"1":{"name":"hashToken","decl":{"start":{"line":14,"column":16},"end":{"line":14,"column":25}},"loc":{"start":{"line":14,"column":39},"end":{"line":16,"column":1}}}},"branchMap":{},"s":{"0":10,"1":10,"2":10,"3":1,"4":3},"f":{"0":1,"1":3},"b":{}}
,"C:\\Users\\12\\Desktop\\4 курс\\КРБ\\novel-platform\\backend\\src\\utils\\text.ts": {"path":"C:\\Users\\12\\Desktop\\4 курс\\КРБ\\novel-platform\\backend\\src\\utils\\text.ts","statementMap":{"0":{"start":{"line":7,"column":0},"end":{"line":7,"column":16}},"1":{"start":{"line":35,"column":0},"end":{"line":35,"column":16}},"2":{"start":{"line":44,"column":0},"end":{"line":44,"column":16}},"3":{"start":{"line":54,"column":0},"end":{"line":54,"column":16}},"4":{"start":{"line":1,"column":0},"end":{"line":1,"column":41}},"5":{"start":{"line":8,"column":2},"end":{"line":28,"column":5}},"6":{"start":{"line":16,"column":21},"end":{"line":16,"column":39}},"7":{"start":{"line":17,"column":25},"end":{"line":17,"column":73}},"8":{"start":{"line":18,"column":8},"end":{"line":18,"column":70}},"9":{"start":{"line":18,"column":44},"end":{"line":18,"column":70}},"10":{"start":{"line":19,"column":8},"end":{"line":19,"column":74}},"11":{"start":{"line":19,"column":46},"end":{"line":19,"column":74}},"12":{"start":{"line":20,"column":20},"end":{"line":20,"column":38}},"13":{"start":{"line":21,"column":23},"end":{"line":21,"column":49}},"14":{"start":{"line":22,"column":8},"end":{"line":25,"column":10}},"15":{"start":{"line":36,"column":18},"end":{"line":36,"column":39}},"16":{"start":{"line":37,"column":2},"end":{"line":37,"column":70}},"17":{"start":{"line":45,"column":15},"end":{"line":45,"column":30}},"18":{"start":{"line":46,"column":2},"end":{"line":46,"column":22}},"19":{"start":{"line":46,"column":13},"end":{"line":46,"column":22}},"20":{"start":{"line":47,"column":2},"end":{"line":47,"column":50}},"21":{"start":{"line":55,"column":15},"end":{"line":55,"column":30}},"22":{"start":{"line":56,"column":2},"end":{"line":56,"column":70}}},"fnMap":{"0":{"name":"sanitizeContent","decl":{"start":{"line":7,"column":16},"end":{"line":7,"column":31}},"loc":{"start":{"line":7,"column":44},"end":{"line":29,"column":1}}},"1":{"name":"(anonymous_2)","decl":{"start":{"line":15,"column":9},"end":{"line":15,"column":10}},"loc":{"start":{"line":15,"column":74},"end":{"line":26,"column":7}}},"2":{"name":"stripHtml","decl":{"start":{"line":35,"column":16},"end":{"line":35,"column":25}},"loc":{"start":{"line":35,"column":38},"end":{"line":38,"column":1}}},"3":{"name":"countWordsFromHtml","decl":{"start":{"line":44,"column":16},"end":{"line":44,"column":34}},"loc":{"start":{"line":44,"column":47},"end":{"line":48,"column":1}}},"4":{"name":"excerptFromHtml","decl":{"start":{"line":54,"column":16},"end":{"line":54,"column":31}},"loc":{"start":{"line":54,"column":58},"end":{"line":57,"column":1}}}},"branchMap":{"0":{"loc":{"start":{"line":16,"column":21},"end":{"line":16,"column":39}},"type":"binary-expr","locations":[{"start":{"line":16,"column":21},"end":{"line":16,"column":33}},{"start":{"line":16,"column":37},"end":{"line":16,"column":39}}]},"1":{"loc":{"start":{"line":17,"column":26},"end":{"line":17,"column":43}},"type":"binary-expr","locations":[{"start":{"line":17,"column":26},"end":{"line":17,"column":37}},{"start":{"line":17,"column":41},"end":{"line":17,"column":43}}]},"2":{"loc":{"start":{"line":18,"column":8},"end":{"line":18,"column":70}},"type":"if","locations":[{"start":{"line":18,"column":8},"end":{"line":18,"column":70}},{"start":{},"end":{}}]},"3":{"loc":{"start":{"line":19,"column":8},"end":{"line":19,"column":74}},"type":"if","locations":[{"start":{"line":19,"column":8},"end":{"line":19,"column":74}},{"start":{},"end":{}}]},"4":{"loc":{"start":{"line":21,"column":23},"end":{"line":21,"column":49}},"type":"binary-expr","locations":[{"start":{"line":21,"column":23},"end":{"line":21,"column":37}},{"start":{"line":21,"column":41},"end":{"line":21,"column":49}}]},"5":{"loc":{"start":{"line":46,"column":2},"end":{"line":46,"column":22}},"type":"if","locations":[{"start":{"line":46,"column":2},"end":{"line":46,"column":22}},{"start":{},"end":{}}]},"6":{"loc":{"start":{"line":54,"column":46},"end":{"line":54,"column":58}},"type":"default-arg","locations":[{"start":{"line":54,"column":55},"end":{"line":54,"column":58}}]},"7":{"loc":{"start":{"line":56,"column":9},"end":{"line":56,"column":69}},"type":"cond-expr","locations":[{"start":{"line":56,"column":33},"end":{"line":56,"column":37}},{"start":{"line":56,"column":40},"end":{"line":56,"column":69}}]}},"s":{"0":6,"1":6,"2":6,"3":6,"4":6,"5":10,"6":1,"7":1,"8":1,"9":1,"10":1,"11":1,"12":1,"13":1,"14":1,"15":7,"16":7,"17":3,"18":3,"19":0,"20":3,"21":1,"22":1},"f":{"0":10,"1":1,"2":7,"3":3,"4":1},"b":{"0":[1,0],"1":[1,1],"2":[1,0],"3":[1,0],"4":[1,1],"5":[0,3],"6":[0],"7":[0,1]}}
,"C:\\Users\\12\\Desktop\\4 курс\\КРБ\\novel-platform\\backend\\src\\utils\\validators.ts": {"path":"C:\\Users\\12\\Desktop\\4 курс\\КРБ\\novel-platform\\backend\\src\\utils\\validators.ts","statementMap":{"0":{"start":{"line":1,"column":0},"end":{"line":1,"column":16}},"1":{"start":{"line":9,"column":0},"end":{"line":9,"column":16}},"2":{"start":{"line":20,"column":0},"end":{"line":20,"column":16}},"3":{"start":{"line":27,"column":0},"end":{"line":27,"column":16}},"4":{"start":{"line":39,"column":0},"end":{"line":39,"column":16}},"5":{"start":{"line":44,"column":0},"end":{"line":44,"column":16}},"6":{"start":{"line":2,"column":2},"end":{"line":2,"column":42}},"7":{"start":{"line":2,"column":29},"end":{"line":2,"column":42}},"8":{"start":{"line":3,"column":12},"end":{"line":3,"column":20}},"9":{"start":{"line":4,"column":2},"end":{"line":4,"column":53}},"10":{"start":{"line":4,"column":40},"end":{"line":4,"column":53}},"11":{"start":{"line":6,"column":2},"end":{"line":6,"column":46}},"12":{"start":{"line":10,"column":2},"end":{"line":10,"column":42}},"13":{"start":{"line":10,"column":29},"end":{"line":10,"column":42}},"14":{"start":{"line":11,"column":12},"end":{"line":11,"column":20}},"15":{"start":{"line":12,"column":2},"end":{"line":12,"column":33}},"16":{"start":{"line":12,"column":20},"end":{"line":12,"column":33}},"17":{"start":{"line":14,"column":2},"end":{"line":17,"column":50}},"18":{"start":{"line":21,"column":2},"end":{"line":21,"column":42}},"19":{"start":{"line":21,"column":29},"end":{"line":21,"column":42}},"20":{"start":{"line":22,"column":12},"end":{"line":22,"column":20}},"21":{"start":{"line":24,"column":2},"end":{"line":24,"column":40}},"22":{"start":{"line":28,"column":2},"end":{"line":28,"column":42}},"23":{"start":{"line":28,"column":29},"end":{"line":28,"column":42}},"24":{"start":{"line":29,"column":12},"end":{"line":29,"column":20}},"25":{"start":{"line":30,"column":2},"end":{"line":30,"column":54}},"26":{"start":{"line":30,"column":41},"end":{"line":30,"column":54}},"27":{"start":{"line":31,"column":2},"end":{"line":36,"column":3}},"28":{"start":{"line":32,"column":14},"end":{"line":32,"column":24}},"29":{"start":{"line":33,"column":4},"end":{"line":33,"column":61}},"30":{"start":{"line":35,"column":4},"end":{"line":35,"column":17}},"31":{"start":{"line":40,"column":2},"end":{"line":40,"column":24}},"32":{"start":{"line":40,"column":14},"end":{"line":40,"column":24}},"33":{"start":{"line":41,"column":2},"end":{"line":41,"column":53}},"34":{"start":{"line":45,"column":2},"end":{"line":45,"column":42}},"35":{"start":{"line":45,"column":29},"end":{"line":45,"column":42}},"36":{"start":{"line":46,"column":12},"end":{"line":46,"column":20}},"37":{"start":{"line":47,"column":2},"end":{"line":47,"column":41}}},"fnMap":{"0":{"name":"isEmail","decl":{"start":{"line":1,"column":16},"end":{"line":1,"column":23}},"loc":{"start":{"line":1,"column":34},"end":{"line":7,"column":1}}},"1":{"name":"isPasswordValid","decl":{"start":{"line":9,"column":16},"end":{"line":9,"column":31}},"loc":{"start":{"line":9,"column":42},"end":{"line":18,"column":1}}},"2":{"name":"isUsernameValid","decl":{"start":{"line":20,"column":16},"end":{"line":20,"column":31}},"loc":{"start":{"line":20,"column":42},"end":{"line":25,"column":1}}},"3":{"name":"isValidUrl","decl":{"start":{"line":27,"column":16},"end":{"line":27,"column":26}},"loc":{"start":{"line":27,"column":37},"end":{"line":37,"column":1}}},"4":{"name":"stripTags","decl":{"start":{"line":39,"column":16},"end":{"line":39,"column":25}},"loc":{"start":{"line":39,"column":47},"end":{"line":42,"column":1}}},"5":{"name":"isDisplayNameValid","decl":{"start":{"line":44,"column":16},"end":{"line":44,"column":34}},"loc":{"start":{"line":44,"column":45},"end":{"line":48,"column":1}}}},"branchMap":{"0":{"loc":{"start":{"line":2,"column":2},"end":{"line":2,"column":42}},"type":"if","locations":[{"start":{"line":2,"column":2},"end":{"line":2,"column":42}},{"start":{},"end":{}}]},"1":{"loc":{"start":{"line":4,"column":2},"end":{"line":4,"column":53}},"type":"if","locations":[{"start":{"line":4,"column":2},"end":{"line":4,"column":53}},{"start":{},"end":{}}]},"2":{"loc":{"start":{"line":4,"column":6},"end":{"line":4,"column":38}},"type":"binary-expr","locations":[{"start":{"line":4,"column":6},"end":{"line":4,"column":20}},{"start":{"line":4,"column":24},"end":{"line":4,"column":38}}]},"3":{"loc":{"start":{"line":10,"column":2},"end":{"line":10,"column":42}},"type":"if","locations":[{"start":{"line":10,"column":2},"end":{"line":10,"column":42}},{"start":{},"end":{}}]},"4":{"loc":{"start":{"line":12,"column":2},"end":{"line":12,"column":33}},"type":"if","locations":[{"start":{"line":12,"column":2},"end":{"line":12,"column":33}},{"start":{},"end":{}}]},"5":{"loc":{"start":{"line":14,"column":9},"end":{"line":17,"column":49}},"type":"binary-expr","locations":[{"start":{"line":14,"column":9},"end":{"line":14,"column":24}},{"start":{"line":15,"column":4},"end":{"line":15,"column":19}},{"start":{"line":16,"column":4},"end":{"line":16,"column":19}},{"start":{"line":17,"column":4},"end":{"line":17,"column":49}}]},"6":{"loc":{"start":{"line":21,"column":2},"end":{"line":21,"column":42}},"type":"if","locations":[{"start":{"line":21,"column":2},"end":{"line":21,"column":42}},{"start":{},"end":{}}]},"7":{"loc":{"start":{"line":28,"column":2},"end":{"line":28,"column":42}},"type":"if","locations":[{"start":{"line":28,"column":2},"end":{"line":28,"column":42}},{"start":{},"end":{}}]},"8":{"loc":{"start":{"line":30,"column":2},"end":{"line":30,"column":54}},"type":"if","locations":[{"start":{"line":30,"column":2},"end":{"line":30,"column":54}},{"start":{},"end":{}}]},"9":{"loc":{"start":{"line":30,"column":6},"end":{"line":30,"column":39}},"type":"binary-expr","locations":[{"start":{"line":30,"column":6},"end":{"line":30,"column":20}},{"start":{"line":30,"column":24},"end":{"line":30,"column":39}}]},"10":{"loc":{"start":{"line":33,"column":11},"end":{"line":33,"column":60}},"type":"binary-expr","locations":[{"start":{"line":33,"column":11},"end":{"line":33,"column":33}},{"start":{"line":33,"column":37},"end":{"line":33,"column":60}}]},"11":{"loc":{"start":{"line":40,"column":2},"end":{"line":40,"column":24}},"type":"if","locations":[{"start":{"line":40,"column":2},"end":{"line":40,"column":24}},{"start":{},"end":{}}]},"12":{"loc":{"start":{"line":45,"column":2},"end":{"line":45,"column":42}},"type":"if","locations":[{"start":{"line":45,"column":2},"end":{"line":45,"column":42}},{"start":{},"end":{}}]},"13":{"loc":{"start":{"line":47,"column":9},"end":{"line":47,"column":40}},"type":"binary-expr","locations":[{"start":{"line":47,"column":9},"end":{"line":47,"column":21}},{"start":{"line":47,"column":25},"end":{"line":47,"column":40}}]}},"s":{"0":1,"1":1,"2":1,"3":1,"4":1,"5":1,"6":2,"7":0,"8":2,"9":2,"10":0,"11":2,"12":2,"13":0,"14":2,"15":2,"16":1,"17":1,"18":2,"19":0,"20":2,"21":2,"22":2,"23":0,"24":2,"25":2,"26":0,"27":2,"28":2,"29":2,"30":0,"31":1,"32":0,"33":1,"34":1,"35":0,"36":1,"37":1},"f":{"0":2,"1":2,"2":2,"3":2,"4":1,"5":1},"b":{"0":[0,2],"1":[0,2],"2":[2,2],"3":[0,2],"4":[1,1],"5":[1,1,1,1],"6":[0,2],"7":[0,2],"8":[0,2],"9":[2,2],"10":[2,1],"11":[0,1],"12":[0,1],"13":[1,1]}}
}
