TN:
SF:src\config\index.ts
FN:4,toNumber
FNF:1
FNH:1
FNDA:187,toNumber
DA:1,17
DA:2,17
DA:5,187
DA:6,187
DA:9,17
DA:10,17
DA:11,17
DA:12,17
DA:13,17
DA:14,17
DA:17,17
DA:18,17
DA:19,17
DA:20,17
DA:21,17
DA:23,17
DA:24,17
DA:26,17
DA:27,17
DA:28,17
DA:29,17
DA:30,17
DA:31,17
DA:32,17
DA:33,17
DA:36,17
DA:37,17
DA:41,17
DA:42,17
DA:44,17
DA:45,17
DA:47,17
DA:48,0
DA:49,0
DA:51,0
DA:52,0
LF:36
LH:32
BRDA:6,0,0,119
BRDA:6,0,1,68
BRDA:9,1,0,17
BRDA:9,1,1,0
BRDA:10,2,0,17
BRDA:10,2,1,0
BRDA:11,3,0,17
BRDA:11,3,1,0
BRDA:12,4,0,17
BRDA:12,4,1,0
BRDA:13,5,0,17
BRDA:13,5,1,0
BRDA:17,6,0,17
BRDA:17,6,1,0
BRDA:18,7,0,17
BRDA:18,7,1,17
BRDA:20,8,0,17
BRDA:20,8,1,17
BRDA:21,9,0,17
BRDA:21,9,1,17
BRDA:31,10,0,17
BRDA:31,10,1,0
BRDA:32,11,0,17
BRDA:32,11,1,0
BRDA:33,12,0,17
BRDA:33,12,1,0
BRDA:36,13,0,17
BRDA:36,13,1,0
BRDA:37,14,0,17
BRDA:37,14,1,0
BRDA:44,15,0,17
BRDA:44,15,1,0
BRDA:45,16,0,17
BRDA:45,16,1,0
BRDA:47,17,0,0
BRDA:47,17,1,17
BRDA:48,18,0,0
BRDA:48,18,1,0
BRDA:51,19,0,0
BRDA:51,19,1,0
BRF:40
BRH:22
end_of_record
TN:
SF:src\services\auth.service.ts
FN:27,safeUser
FN:41,registerUser
FN:120,confirmEmail
FN:148,resendConfirmation
FN:174,login
FN:205,getUserById
FN:212,changePassword
FN:230,requestPasswordReset
FN:252,resetPassword
FNF:9
FNH:7
FNDA:3,safeUser
FNDA:2,registerUser
FNDA:1,confirmEmail
FNDA:0,resendConfirmation
FNDA:2,login
FNDA:0,getUserById
FNDA:2,changePassword
FNDA:1,requestPasswordReset
FNDA:2,resetPassword
DA:1,10
DA:2,10
DA:3,10
DA:7,10
DA:14,10
DA:15,10
DA:28,3
DA:41,10
DA:51,2
DA:52,2
DA:53,2
DA:54,1
DA:55,1
DA:56,1
DA:59,1
DA:60,0
DA:61,0
DA:62,0
DA:63,0
DA:64,0
DA:69,1
DA:70,1
DA:82,1
DA:83,1
DA:84,1
DA:85,1
DA:88,1
DA:97,1
DA:99,1
DA:101,1
DA:103,0
DA:105,0
DA:106,0
DA:108,0
DA:110,0
DA:111,0
DA:112,0
DA:117,0
DA:120,10
DA:121,1
DA:122,1
DA:123,1
DA:124,0
DA:125,0
DA:126,0
DA:128,1
DA:129,0
DA:130,0
DA:131,0
DA:135,1
DA:145,1
DA:148,10
DA:149,0
DA:150,0
DA:152,0
DA:154,0
DA:155,0
DA:157,0
DA:158,0
DA:159,0
DA:162,0
DA:171,0
DA:174,10
DA:176,2
DA:179,2
DA:180,1
DA:181,1
DA:182,1
DA:187,1
DA:188,1
DA:189,0
DA:190,0
DA:191,0
DA:195,1
DA:201,1
DA:205,10
DA:206,0
DA:207,0
DA:208,0
DA:212,10
DA:213,2
DA:214,2
DA:215,0
DA:216,0
DA:217,0
DA:219,2
DA:220,2
DA:221,1
DA:222,1
DA:223,1
DA:225,1
DA:226,1
DA:227,1
DA:230,10
DA:231,1
DA:232,1
DA:233,1
DA:235,0
DA:236,0
DA:237,0
DA:240,0
DA:249,0
DA:252,10
DA:253,2
DA:254,2
DA:255,2
DA:256,1
DA:257,1
DA:258,1
DA:260,1
DA:261,0
DA:262,0
DA:263,0
DA:267,1
DA:268,1
DA:278,1
LF:116
LH:70
BRDA:33,0,0,3
BRDA:33,0,1,3
BRDA:51,1,0,2
BRDA:51,1,1,0
BRDA:53,2,0,1
BRDA:53,2,1,1
BRDA:59,3,0,0
BRDA:59,3,1,1
BRDA:61,4,0,0
BRDA:61,4,1,0
BRDA:76,5,0,1
BRDA:76,5,1,0
BRDA:82,6,0,1
BRDA:82,6,1,0
BRDA:123,7,0,0
BRDA:123,7,1,1
BRDA:128,8,0,0
BRDA:128,8,1,1
BRDA:128,9,0,1
BRDA:128,9,1,1
BRDA:150,10,0,0
BRDA:150,10,1,0
BRDA:154,11,0,0
BRDA:154,11,1,0
BRDA:176,12,0,2
BRDA:176,12,1,1
BRDA:179,13,0,1
BRDA:179,13,1,1
BRDA:188,14,0,0
BRDA:188,14,1,1
BRDA:207,15,0,0
BRDA:207,15,1,0
BRDA:214,16,0,0
BRDA:214,16,1,2
BRDA:220,17,0,1
BRDA:220,17,1,1
BRDA:232,18,0,1
BRDA:232,18,1,0
BRDA:255,19,0,1
BRDA:255,19,1,1
BRDA:260,20,0,0
BRDA:260,20,1,1
BRDA:260,21,0,1
BRDA:260,21,1,1
BRF:44
BRH:26
end_of_record
TN:
SF:src\services\chapter.service.ts
FN:18,extractLinksFromHtml
FN:22,domainOfUrl
FN:32,shingles
FN:48,jaccard
FN:61,cyrillicRatio
FN:77,createChapter
FN:115,(anonymous_16)
FN:117,(anonymous_17)
FN:133,(anonymous_18)
FN:214,(anonymous_19)
FN:230,listChaptersByNovel
FN:259,getChapterById
FN:271,updateChapter
FN:283,(anonymous_23)
FN:306,deleteChapter
FN:307,(anonymous_25)
FNF:16
FNH:6
FNDA:1,extractLinksFromHtml
FNDA:0,domainOfUrl
FNDA:1,shingles
FNDA:0,jaccard
FNDA:1,cyrillicRatio
FNDA:2,createChapter
FNDA:0,(anonymous_16)
FNDA:1,(anonymous_17)
FNDA:1,(anonymous_18)
FNDA:0,(anonymous_19)
FNDA:0,listChaptersByNovel
FNDA:0,getChapterById
FNDA:0,updateChapter
FNDA:0,(anonymous_23)
FNDA:0,deleteChapter
FNDA:0,(anonymous_25)
DA:2,2
DA:3,2
DA:4,2
DA:5,2
DA:6,2
DA:9,2
DA:10,2
DA:11,2
DA:12,2
DA:14,2
DA:15,2
DA:19,1
DA:20,1
DA:23,0
DA:24,0
DA:25,0
DA:27,0
DA:33,1
DA:38,1
DA:39,1
DA:40,1
DA:41,1
DA:43,0
DA:44,0
DA:46,0
DA:49,0
DA:50,0
DA:51,0
DA:52,0
DA:53,0
DA:54,0
DA:55,0
DA:62,1
DA:63,1
DA:64,1
DA:65,1
DA:66,1
DA:67,3
DA:69,1
DA:77,2
DA:79,2
DA:80,2
DA:83,2
DA:84,1
DA:85,1
DA:86,1
DA:90,1
DA:93,1
DA:100,1
DA:101,1
DA:102,1
DA:103,0
DA:104,0
DA:105,0
DA:106,0
DA:107,0
DA:108,0
DA:109,0
DA:115,1
DA:116,1
DA:117,1
DA:118,1
DA:119,1
DA:122,1
DA:123,1
DA:124,1
DA:125,1
DA:126,1
DA:127,1
DA:128,1
DA:133,1
DA:135,1
DA:137,1
DA:138,1
DA:141,1
DA:145,1
DA:148,1
DA:159,1
DA:163,1
DA:166,1
DA:167,1
DA:168,1
DA:169,1
DA:173,1
DA:178,1
DA:182,1
DA:183,1
DA:185,1
DA:186,1
DA:189,1
DA:190,0
DA:191,0
DA:192,0
DA:193,0
DA:195,0
DA:197,0
DA:209,0
DA:214,1
DA:215,0
DA:216,0
DA:223,0
DA:227,1
DA:230,2
DA:231,0
DA:232,0
DA:233,0
DA:235,0
DA:253,0
DA:259,2
DA:260,0
DA:268,0
DA:271,2
DA:273,0
DA:274,0
DA:275,0
DA:276,0
DA:277,0
DA:278,0
DA:279,0
DA:283,0
DA:284,0
DA:290,0
DA:294,0
DA:295,0
DA:300,0
DA:303,0
DA:306,2
DA:307,0
DA:308,0
DA:309,0
DA:311,0
DA:314,0
DA:318,0
DA:319,0
DA:324,0
LF:135
LH:75
BRDA:9,0,0,2
BRDA:9,0,1,0
BRDA:9,0,2,0
BRDA:10,1,0,2
BRDA:10,1,1,0
BRDA:10,1,2,0
BRDA:11,2,0,2
BRDA:11,2,1,0
BRDA:11,2,2,0
BRDA:12,3,0,2
BRDA:12,3,1,0
BRDA:12,3,2,0
BRDA:14,4,0,2
BRDA:14,4,1,0
BRDA:14,4,2,0
BRDA:15,5,0,2
BRDA:15,5,1,0
BRDA:15,5,2,0
BRDA:20,6,0,1
BRDA:20,6,1,1
BRDA:32,7,0,0
BRDA:39,8,0,1
BRDA:39,8,1,0
BRDA:40,9,0,1
BRDA:40,9,1,0
BRDA:51,10,0,0
BRDA:51,10,1,0
BRDA:51,11,0,0
BRDA:51,11,1,0
BRDA:53,12,0,0
BRDA:53,12,1,0
BRDA:55,13,0,0
BRDA:55,13,1,0
BRDA:62,14,0,0
BRDA:62,14,1,1
BRDA:63,15,0,1
BRDA:63,15,1,0
BRDA:64,16,0,0
BRDA:64,16,1,1
BRDA:67,17,0,0
BRDA:67,17,1,3
BRDA:83,18,0,1
BRDA:83,18,1,1
BRDA:102,19,0,0
BRDA:102,19,1,1
BRDA:102,20,0,1
BRDA:102,20,1,1
BRDA:106,21,0,0
BRDA:106,21,1,0
BRDA:124,22,0,1
BRDA:124,22,1,0
BRDA:125,23,0,1
BRDA:125,23,1,0
BRDA:127,24,0,1
BRDA:127,24,1,0
BRDA:138,25,0,0
BRDA:138,25,1,1
BRDA:145,26,0,1
BRDA:145,26,1,0
BRDA:163,27,0,1
BRDA:163,27,1,0
BRDA:167,28,0,1
BRDA:167,28,1,0
BRDA:167,29,0,1
BRDA:167,29,1,1
BRDA:167,29,2,1
BRDA:182,30,0,1
BRDA:182,30,1,0
BRDA:182,31,0,1
BRDA:182,31,1,1
BRDA:182,31,2,1
BRDA:182,31,3,1
BRDA:186,32,0,1
BRDA:186,32,1,1
BRDA:189,33,0,0
BRDA:189,33,1,1
BRDA:191,34,0,0
BRDA:191,34,1,0
BRDA:192,35,0,0
BRDA:192,35,1,0
BRDA:193,36,0,0
BRDA:193,36,1,0
BRDA:193,37,0,0
BRDA:193,37,1,0
BRDA:193,38,0,0
BRDA:193,38,1,0
BRDA:230,39,0,0
BRDA:230,40,0,0
BRDA:274,41,0,0
BRDA:274,41,1,0
BRDA:275,42,0,0
BRDA:275,42,1,0
BRDA:294,43,0,0
BRDA:294,43,1,0
BRDA:309,44,0,0
BRDA:309,44,1,0
BRDA:318,45,0,0
BRDA:318,45,1,0
BRF:98
BRH:37
end_of_record
TN:
SF:src\services\email.service.ts
FN:6,createTransporter
FN:50,sendMail
FN:66,getTransporter
FN:74,sendConfirmationEmail
FN:88,sendPasswordResetEmail
FNF:5
FNH:3
FNDA:1,createTransporter
FNDA:1,sendMail
FNDA:1,getTransporter
FNDA:0,sendConfirmationEmail
FNDA:0,sendPasswordResetEmail
DA:1,3
DA:2,3
DA:4,3
DA:8,1
DA:10,0
DA:19,0
DA:20,0
DA:24,0
DA:26,0
DA:30,1
DA:32,1
DA:41,1
DA:42,1
DA:47,1
DA:50,3
DA:52,1
DA:53,0
DA:55,1
DA:56,1
DA:57,1
DA:58,1
DA:59,1
DA:60,1
DA:62,0
DA:67,1
DA:68,1
DA:70,1
DA:74,3
DA:75,0
DA:78,0
DA:85,0
DA:88,3
DA:89,0
DA:90,0
DA:91,0
DA:97,0
LF:36
LH:22
BRDA:8,0,0,0
BRDA:8,0,1,1
BRDA:8,1,0,1
BRDA:8,1,1,0
BRDA:52,2,0,0
BRDA:52,2,1,1
BRDA:60,3,0,1
BRDA:60,3,1,0
BRDA:67,4,0,1
BRDA:67,4,1,0
BRDA:76,5,0,0
BRDA:76,5,1,0
BRDA:89,6,0,0
BRDA:89,6,1,0
BRF:14
BRH:5
end_of_record
TN:
SF:src\services\notification.service.ts
FN:14,createNotification
FN:25,bulkCreateNotifications
FN:34,(anonymous_3)
FN:51,notifyNovelAndAuthorFollowers
FN:63,(anonymous_5)
FN:67,(anonymous_6)
FN:71,(anonymous_7)
FN:72,(anonymous_8)
FNF:8
FNH:0
FNDA:0,createNotification
FNDA:0,bulkCreateNotifications
FNDA:0,(anonymous_3)
FNDA:0,notifyNovelAndAuthorFollowers
FNDA:0,(anonymous_5)
FNDA:0,(anonymous_6)
FNDA:0,(anonymous_7)
FNDA:0,(anonymous_8)
DA:2,2
DA:14,2
DA:15,0
DA:25,2
DA:26,0
DA:29,0
DA:31,0
DA:32,0
DA:33,0
DA:34,0
DA:36,0
DA:39,0
DA:51,2
DA:58,0
DA:59,0
DA:62,0
DA:63,0
DA:66,0
DA:67,0
DA:70,0
DA:71,0
DA:72,0
DA:73,0
DA:75,0
DA:76,0
DA:78,0
DA:86,0
LF:27
LH:4
BRDA:26,0,0,0
BRDA:26,0,1,0
BRDA:26,1,0,0
BRDA:26,1,1,0
BRDA:59,2,0,0
BRDA:59,2,1,0
BRDA:73,3,0,0
BRDA:73,3,1,0
BRDA:76,4,0,0
BRDA:76,4,1,0
BRDA:80,5,0,0
BRDA:80,5,1,0
BRDA:81,6,0,0
BRDA:81,6,1,0
BRDA:82,7,0,0
BRDA:82,7,1,0
BRF:16
BRH:0
end_of_record
TN:
SF:src\services\reports.service.ts
FN:4,getProfileById
FN:21,updateProfile
FN:51,deleteProfileAndAllData
FN:66,(anonymous_4)
FN:70,(anonymous_5)
FN:75,(anonymous_6)
FNF:6
FNH:1
FNDA:0,getProfileById
FNDA:0,updateProfile
FNDA:3,deleteProfileAndAllData
FNDA:0,(anonymous_4)
FNDA:0,(anonymous_5)
FNDA:0,(anonymous_6)
DA:2,1
DA:4,1
DA:5,0
DA:18,0
DA:21,1
DA:22,0
DA:23,0
DA:24,0
DA:26,0
DA:40,0
DA:51,1
DA:52,3
DA:54,3
DA:55,1
DA:56,1
DA:57,1
DA:61,2
DA:62,2
DA:65,2
DA:66,2
DA:67,2
DA:68,2
DA:69,0
DA:70,0
DA:74,2
DA:75,2
DA:78,2
DA:81,2
DA:84,2
DA:87,2
DA:88,2
DA:91,2
DA:94,2
DA:95,0
DA:100,0
DA:104,2
DA:107,2
DA:110,2
DA:112,0
DA:115,0
DA:118,0
DA:121,0
DA:124,0
DA:128,2
DA:130,0
DA:133,0
DA:137,2
DA:138,0
DA:139,0
DA:140,0
DA:141,0
DA:142,0
DA:148,2
DA:149,0
DA:150,0
DA:152,0
DA:156,2
DA:159,2
DA:164,2
DA:166,1
DA:168,1
DA:171,0
DA:172,0
LF:63
LH:35
BRDA:18,0,0,0
BRDA:18,0,1,0
BRDA:23,1,0,0
BRDA:23,1,1,0
BRDA:24,2,0,0
BRDA:24,2,1,0
BRDA:54,3,0,1
BRDA:54,3,1,2
BRDA:54,4,0,3
BRDA:54,4,1,3
BRDA:54,4,2,2
BRDA:62,5,0,0
BRDA:62,5,1,2
BRDA:68,6,0,0
BRDA:68,6,1,2
BRDA:94,7,0,0
BRDA:94,7,1,2
BRDA:110,8,0,0
BRDA:110,8,1,2
BRDA:128,9,0,0
BRDA:128,9,1,2
BRDA:137,10,0,0
BRDA:137,10,1,2
BRDA:137,11,0,2
BRDA:137,11,1,2
BRDA:139,12,0,0
BRDA:139,12,1,0
BRDA:140,13,0,0
BRDA:140,13,1,0
BRDA:141,14,0,0
BRDA:141,14,1,0
BRDA:148,15,0,0
BRDA:148,15,1,2
BRDA:149,16,0,0
BRDA:149,16,1,0
BRDA:166,17,0,1
BRDA:166,17,1,0
BRDA:172,18,0,0
BRDA:172,18,1,0
BRF:39
BRH:15
end_of_record
TN:
SF:src\services\publish.service.ts
FN:10,getEnvNumber
FN:27,cyrillicRatio
FN:49,runPrePublishChecks
FN:75,(anonymous_13)
FN:112,attemptPublish
FNF:5
FNH:3
FNDA:9,getEnvNumber
FNDA:0,cyrillicRatio
FNDA:1,runPrePublishChecks
FNDA:0,(anonymous_13)
FNDA:2,attemptPublish
DA:2,3
DA:3,3
DA:4,3
DA:5,3
DA:11,9
DA:12,9
DA:13,9
DA:14,9
DA:16,0
DA:19,3
DA:20,3
DA:21,3
DA:22,3
DA:28,0
DA:29,0
DA:30,0
DA:31,0
DA:32,0
DA:33,0
DA:35,0
DA:49,3
DA:50,1
DA:59,1
DA:61,1
DA:62,1
DA:65,1
DA:66,1
DA:67,1
DA:68,1
DA:73,1
DA:75,0
DA:77,1
DA:78,1
DA:79,1
DA:84,1
DA:85,1
DA:89,1
DA:90,1
DA:92,1
DA:93,1
DA:94,1
DA:96,1
DA:97,1
DA:98,1
DA:101,1
DA:102,1
DA:112,3
DA:113,2
DA:122,2
DA:124,2
DA:125,0
DA:128,2
DA:131,2
DA:132,2
DA:134,2
DA:135,2
DA:136,2
DA:137,1
DA:138,1
DA:140,2
DA:141,1
DA:142,1
DA:144,2
DA:145,1
DA:149,1
DA:158,1
DA:159,1
DA:160,1
DA:162,0
DA:166,0
DA:169,1
DA:170,0
DA:174,0
DA:183,1
DA:184,1
DA:190,1
DA:191,1
DA:192,1
DA:195,1
DA:196,1
DA:198,0
DA:202,1
DA:204,0
DA:205,0
LF:84
LH:67
BRDA:12,0,0,0
BRDA:12,0,1,9
BRDA:12,1,0,9
BRDA:12,1,1,9
BRDA:14,2,0,9
BRDA:14,2,1,0
BRDA:21,3,0,3
BRDA:21,3,1,0
BRDA:21,3,2,0
BRDA:28,4,0,0
BRDA:28,4,1,0
BRDA:29,5,0,0
BRDA:29,5,1,0
BRDA:30,6,0,0
BRDA:30,6,1,0
BRDA:33,7,0,0
BRDA:33,7,1,0
BRDA:59,8,0,0
BRDA:59,8,1,1
BRDA:65,9,0,1
BRDA:65,9,1,0
BRDA:66,10,0,1
BRDA:66,10,1,0
BRDA:73,11,0,1
BRDA:73,11,1,0
BRDA:73,12,0,1
BRDA:73,12,1,1
BRDA:75,13,0,0
BRDA:75,13,1,0
BRDA:75,14,0,0
BRDA:75,14,1,0
BRDA:75,15,0,0
BRDA:75,15,1,0
BRDA:77,16,0,1
BRDA:77,16,1,0
BRDA:84,17,0,1
BRDA:84,17,1,0
BRDA:89,18,0,1
BRDA:89,18,1,0
BRDA:90,19,0,1
BRDA:90,19,1,0
BRDA:92,20,0,1
BRDA:92,20,1,0
BRDA:96,21,0,1
BRDA:96,21,1,0
BRDA:122,22,0,0
BRDA:122,22,1,2
BRDA:124,23,0,0
BRDA:124,23,1,2
BRDA:128,24,0,0
BRDA:128,24,1,2
BRDA:131,25,0,2
BRDA:131,25,1,0
BRDA:132,26,0,2
BRDA:132,26,1,0
BRDA:136,27,0,1
BRDA:136,27,1,1
BRDA:140,28,0,1
BRDA:140,28,1,1
BRDA:144,29,0,1
BRDA:144,29,1,1
BRDA:159,30,0,1
BRDA:159,30,1,0
BRDA:159,31,0,1
BRDA:159,31,1,1
BRDA:166,32,0,0
BRDA:166,32,1,0
BRDA:169,33,0,0
BRDA:169,33,1,1
BRDA:190,34,0,1
BRDA:190,34,1,0
BRDA:192,35,0,1
BRDA:192,35,1,0
BRF:73
BRH:34
end_of_record
TN:
SF:src\services\report.service.ts
FN:28,createReport
FN:156,listReports
FN:183,getReportById
FN:200,processReport
FNF:4
FNH:1
FNDA:2,createReport
FNDA:0,listReports
FNDA:0,getReportById
FNDA:0,processReport
DA:2,2
DA:3,2
DA:20,2
DA:28,2
DA:30,2
DA:31,2
DA:32,0
DA:33,0
DA:34,0
DA:36,2
DA:37,0
DA:38,0
DA:39,0
DA:41,2
DA:42,0
DA:43,0
DA:44,0
DA:48,2
DA:49,2
DA:52,2
DA:53,2
DA:54,2
DA:55,2
DA:56,0
DA:57,0
DA:58,0
DA:59,0
DA:60,0
DA:61,0
DA:62,0
DA:63,0
DA:64,0
DA:68,1
DA:69,1
DA:70,1
DA:72,1
DA:73,1
DA:74,1
DA:80,1
DA:81,0
DA:82,0
DA:83,0
DA:89,0
DA:93,1
DA:94,1
DA:95,1
DA:96,1
DA:97,1
DA:98,1
DA:104,1
DA:105,0
DA:106,0
DA:107,0
DA:111,0
DA:115,1
DA:116,1
DA:125,1
DA:126,0
DA:127,0
DA:128,0
DA:131,0
DA:135,1
DA:145,1
DA:156,2
DA:157,0
DA:158,0
DA:159,0
DA:161,0
DA:162,0
DA:163,0
DA:164,0
DA:166,0
DA:180,0
DA:183,2
DA:184,0
DA:191,0
DA:200,2
DA:205,0
DA:206,0
DA:208,0
DA:209,0
DA:213,0
DA:215,0
DA:227,0
LF:84
LH:36
BRDA:31,0,0,0
BRDA:31,0,1,2
BRDA:36,1,0,0
BRDA:36,1,1,2
BRDA:36,2,0,2
BRDA:36,2,1,2
BRDA:41,3,0,0
BRDA:41,3,1,2
BRDA:41,4,0,2
BRDA:41,4,1,2
BRDA:49,5,0,0
BRDA:49,5,1,2
BRDA:53,6,0,2
BRDA:53,6,1,0
BRDA:55,7,0,1
BRDA:55,7,1,1
BRDA:56,8,0,0
BRDA:56,8,1,0
BRDA:58,9,0,0
BRDA:58,9,1,0
BRDA:59,10,0,0
BRDA:59,10,1,0
BRDA:61,11,0,0
BRDA:61,11,1,0
BRDA:62,12,0,0
BRDA:62,12,1,0
BRDA:64,13,0,0
BRDA:64,13,1,0
BRDA:69,14,0,1
BRDA:69,14,1,0
BRDA:70,15,0,1
BRDA:70,15,1,0
BRDA:72,16,0,1
BRDA:72,16,1,0
BRDA:80,17,0,0
BRDA:80,17,1,1
BRDA:94,18,0,1
BRDA:94,18,1,0
BRDA:95,19,0,1
BRDA:95,19,1,0
BRDA:104,20,0,0
BRDA:104,20,1,1
BRDA:125,21,0,0
BRDA:125,21,1,1
BRDA:156,22,0,0
BRDA:157,23,0,0
BRDA:157,23,1,0
BRDA:158,24,0,0
BRDA:158,24,1,0
BRDA:162,25,0,0
BRDA:162,25,1,0
BRDA:163,26,0,0
BRDA:163,26,1,0
BRDA:164,27,0,0
BRDA:164,27,1,0
BRDA:206,28,0,0
BRDA:206,28,1,0
BRDA:208,29,0,0
BRDA:208,29,1,0
BRDA:208,30,0,0
BRDA:208,30,1,0
BRDA:213,31,0,0
BRDA:213,31,1,0
BRDA:220,32,0,0
BRDA:220,32,1,0
BRDA:222,33,0,0
BRDA:222,33,1,0
BRDA:223,34,0,0
BRDA:223,34,1,0
BRF:69
BRH:19
end_of_record
TN:
SF:src\utils\crypto.ts
FN:6,generateToken
FN:14,hashToken
FNF:2
FNH:2
FNDA:1,generateToken
FNDA:3,hashToken
DA:1,10
DA:6,10
DA:7,1
DA:14,10
DA:15,3
LF:5
LH:5
BRF:0
BRH:0
end_of_record
TN:
SF:src\utils\text.ts
FN:7,sanitizeContent
FN:15,(anonymous_2)
FN:35,stripHtml
FN:44,countWordsFromHtml
FN:54,excerptFromHtml
FNF:5
FNH:5
FNDA:10,sanitizeContent
FNDA:1,(anonymous_2)
FNDA:7,stripHtml
FNDA:3,countWordsFromHtml
FNDA:1,excerptFromHtml
DA:1,6
DA:7,6
DA:8,10
DA:16,1
DA:17,1
DA:18,1
DA:19,1
DA:20,1
DA:21,1
DA:22,1
DA:35,6
DA:36,7
DA:37,7
DA:44,6
DA:45,3
DA:46,3
DA:47,3
DA:54,6
DA:55,1
DA:56,1
LF:20
LH:20
BRDA:16,0,0,1
BRDA:16,0,1,0
BRDA:17,1,0,1
BRDA:17,1,1,1
BRDA:18,2,0,1
BRDA:18,2,1,0
BRDA:19,3,0,1
BRDA:19,3,1,0
BRDA:21,4,0,1
BRDA:21,4,1,1
BRDA:46,5,0,0
BRDA:46,5,1,3
BRDA:54,6,0,0
BRDA:56,7,0,0
BRDA:56,7,1,1
BRF:15
BRH:9
end_of_record
TN:
SF:src\utils\validators.ts
FN:1,isEmail
FN:9,isPasswordValid
FN:20,isUsernameValid
FN:27,isValidUrl
FN:39,stripTags
FN:44,isDisplayNameValid
FNF:6
FNH:6
FNDA:2,isEmail
FNDA:2,isPasswordValid
FNDA:2,isUsernameValid
FNDA:2,isValidUrl
FNDA:1,stripTags
FNDA:1,isDisplayNameValid
DA:1,1
DA:2,2
DA:3,2
DA:4,2
DA:6,2
DA:9,1
DA:10,2
DA:11,2
DA:12,2
DA:14,1
DA:20,1
DA:21,2
DA:22,2
DA:24,2
DA:27,1
DA:28,2
DA:29,2
DA:30,2
DA:31,2
DA:32,2
DA:33,2
DA:35,0
DA:39,1
DA:40,1
DA:41,1
DA:44,1
DA:45,1
DA:46,1
DA:47,1
LF:29
LH:28
BRDA:2,0,0,0
BRDA:2,0,1,2
BRDA:4,1,0,0
BRDA:4,1,1,2
BRDA:4,2,0,2
BRDA:4,2,1,2
BRDA:10,3,0,0
BRDA:10,3,1,2
BRDA:12,4,0,1
BRDA:12,4,1,1
BRDA:14,5,0,1
BRDA:14,5,1,1
BRDA:14,5,2,1
BRDA:14,5,3,1
BRDA:21,6,0,0
BRDA:21,6,1,2
BRDA:28,7,0,0
BRDA:28,7,1,2
BRDA:30,8,0,0
BRDA:30,8,1,2
BRDA:30,9,0,2
BRDA:30,9,1,2
BRDA:33,10,0,2
BRDA:33,10,1,1
BRDA:40,11,0,0
BRDA:40,11,1,1
BRDA:45,12,0,0
BRDA:45,12,1,1
BRDA:47,13,0,1
BRDA:47,13,1,1
BRF:30
BRH:22
end_of_record
